{"C:\\Users\\saksh\\OneDrive\\Desktop\\College Management\\backend\\src\\controllers\\attendance.ts": {"path":"C:\\Users\\saksh\\OneDrive\\Desktop\\College Management\\backend\\src\\controllers\\attendance.ts","statementMap":{"0":{"start":{"line":2,"column":0},"end":{"line":2,"column":62}},"1":{"start":{"line":5,"column":30},"end":{"line":40,"column":2}},"2":{"start":{"line":5,"column":68},"end":{"line":40,"column":2}},"3":{"start":{"line":6,"column":2},"end":{"line":39,"column":3}},"4":{"start":{"line":7,"column":60},"end":{"line":7,"column":68}},"5":{"start":{"line":8,"column":21},"end":{"line":8,"column":46}},"6":{"start":{"line":12,"column":23},"end":{"line":12,"column":56}},"7":{"start":{"line":13,"column":4},"end":{"line":13,"column":47}},"8":{"start":{"line":13,"column":19},"end":{"line":13,"column":47}},"9":{"start":{"line":15,"column":17},"end":{"line":15,"column":54}},"10":{"start":{"line":17,"column":4},"end":{"line":33,"column":5}},"11":{"start":{"line":19,"column":6},"end":{"line":19,"column":51}},"12":{"start":{"line":20,"column":6},"end":{"line":20,"column":33}},"13":{"start":{"line":21,"column":6},"end":{"line":21,"column":35}},"14":{"start":{"line":22,"column":6},"end":{"line":22,"column":26}},"15":{"start":{"line":25,"column":6},"end":{"line":32,"column":9}},"16":{"start":{"line":35,"column":4},"end":{"line":35,"column":58}},"17":{"start":{"line":37,"column":4},"end":{"line":37,"column":51}},"18":{"start":{"line":38,"column":4},"end":{"line":38,"column":67}},"19":{"start":{"line":5,"column":13},"end":{"line":5,"column":30}},"20":{"start":{"line":42,"column":29},"end":{"line":70,"column":2}},"21":{"start":{"line":42,"column":67},"end":{"line":70,"column":2}},"22":{"start":{"line":43,"column":2},"end":{"line":69,"column":3}},"23":{"start":{"line":44,"column":61},"end":{"line":44,"column":70}},"24":{"start":{"line":45,"column":23},"end":{"line":45,"column":25}},"25":{"start":{"line":47,"column":4},"end":{"line":47,"column":41}},"26":{"start":{"line":47,"column":17},"end":{"line":47,"column":41}},"27":{"start":{"line":48,"column":4},"end":{"line":48,"column":52}},"28":{"start":{"line":48,"column":14},"end":{"line":48,"column":52}},"29":{"start":{"line":50,"column":4},"end":{"line":55,"column":5}},"30":{"start":{"line":51,"column":6},"end":{"line":54,"column":8}},"31":{"start":{"line":57,"column":4},"end":{"line":59,"column":5}},"32":{"start":{"line":58,"column":6},"end":{"line":58,"column":55}},"33":{"start":{"line":61,"column":20},"end":{"line":64,"column":25}},"34":{"start":{"line":66,"column":4},"end":{"line":66,"column":47}},"35":{"start":{"line":68,"column":4},"end":{"line":68,"column":68}},"36":{"start":{"line":42,"column":13},"end":{"line":42,"column":29}},"37":{"start":{"line":72,"column":36},"end":{"line":105,"column":2}},"38":{"start":{"line":72,"column":74},"end":{"line":105,"column":2}},"39":{"start":{"line":73,"column":2},"end":{"line":104,"column":3}},"40":{"start":{"line":74,"column":26},"end":{"line":74,"column":36}},"41":{"start":{"line":75,"column":20},"end":{"line":77,"column":25}},"42":{"start":{"line":80,"column":16},"end":{"line":80,"column":17}},"43":{"start":{"line":81,"column":18},"end":{"line":81,"column":19}},"44":{"start":{"line":83,"column":4},"end":{"line":89,"column":7}},"45":{"start":{"line":84,"column":20},"end":{"line":84,"column":92}},"46":{"start":{"line":84,"column":55},"end":{"line":84,"column":91}},"47":{"start":{"line":85,"column":6},"end":{"line":88,"column":7}},"48":{"start":{"line":86,"column":8},"end":{"line":86,"column":16}},"49":{"start":{"line":87,"column":8},"end":{"line":87,"column":50}},"50":{"start":{"line":87,"column":40},"end":{"line":87,"column":50}},"51":{"start":{"line":91,"column":4},"end":{"line":101,"column":7}},"52":{"start":{"line":103,"column":4},"end":{"line":103,"column":76}},"53":{"start":{"line":72,"column":13},"end":{"line":72,"column":36}}},"fnMap":{"0":{"name":"(anonymous_7)","decl":{"start":{"line":5,"column":30},"end":{"line":5,"column":37}},"loc":{"start":{"line":5,"column":68},"end":{"line":40,"column":2}}},"1":{"name":"(anonymous_8)","decl":{"start":{"line":5,"column":68},"end":{"line":5,"column":null}},"loc":{"start":{"line":5,"column":68},"end":{"line":40,"column":1}}},"2":{"name":"(anonymous_9)","decl":{"start":{"line":42,"column":29},"end":{"line":42,"column":36}},"loc":{"start":{"line":42,"column":67},"end":{"line":70,"column":2}}},"3":{"name":"(anonymous_10)","decl":{"start":{"line":42,"column":67},"end":{"line":42,"column":null}},"loc":{"start":{"line":42,"column":67},"end":{"line":70,"column":1}}},"4":{"name":"(anonymous_11)","decl":{"start":{"line":72,"column":36},"end":{"line":72,"column":43}},"loc":{"start":{"line":72,"column":74},"end":{"line":105,"column":2}}},"5":{"name":"(anonymous_12)","decl":{"start":{"line":72,"column":74},"end":{"line":72,"column":null}},"loc":{"start":{"line":72,"column":74},"end":{"line":105,"column":1}}},"6":{"name":"(anonymous_13)","decl":{"start":{"line":83,"column":20},"end":{"line":83,"column":26}},"loc":{"start":{"line":83,"column":29},"end":{"line":89,"column":5}}},"7":{"name":"(anonymous_14)","decl":{"start":{"line":84,"column":50},"end":{"line":84,"column":51}},"loc":{"start":{"line":84,"column":55},"end":{"line":84,"column":91}}}},"branchMap":{"0":{"loc":{"start":{"line":8,"column":21},"end":{"line":8,"column":46}},"type":"cond-expr","locations":[{"start":{"line":8,"column":38},"end":{"line":8,"column":40}},{"start":{"line":8,"column":38},"end":{"line":8,"column":46}}]},"1":{"loc":{"start":{"line":8,"column":21},"end":{"line":8,"column":40}},"type":"binary-expr","locations":[{"start":{"line":8,"column":21},"end":{"line":8,"column":40}},{"start":{"line":8,"column":38},"end":{"line":8,"column":40}}]},"2":{"loc":{"start":{"line":13,"column":4},"end":{"line":13,"column":47}},"type":"if","locations":[{"start":{"line":13,"column":4},"end":{"line":13,"column":47}}]},"3":{"loc":{"start":{"line":17,"column":4},"end":{"line":33,"column":5}},"type":"if","locations":[{"start":{"line":17,"column":4},"end":{"line":33,"column":5}},{"start":{"line":23,"column":11},"end":{"line":33,"column":5}}]},"4":{"loc":{"start":{"line":47,"column":4},"end":{"line":47,"column":41}},"type":"if","locations":[{"start":{"line":47,"column":4},"end":{"line":47,"column":41}}]},"5":{"loc":{"start":{"line":48,"column":4},"end":{"line":48,"column":52}},"type":"if","locations":[{"start":{"line":48,"column":4},"end":{"line":48,"column":52}}]},"6":{"loc":{"start":{"line":50,"column":4},"end":{"line":55,"column":5}},"type":"if","locations":[{"start":{"line":50,"column":4},"end":{"line":55,"column":5}}]},"7":{"loc":{"start":{"line":50,"column":8},"end":{"line":50,"column":28}},"type":"binary-expr","locations":[{"start":{"line":50,"column":8},"end":{"line":50,"column":17}},{"start":{"line":50,"column":21},"end":{"line":50,"column":28}}]},"8":{"loc":{"start":{"line":57,"column":4},"end":{"line":59,"column":5}},"type":"if","locations":[{"start":{"line":57,"column":4},"end":{"line":59,"column":5}}]},"9":{"loc":{"start":{"line":85,"column":6},"end":{"line":88,"column":7}},"type":"if","locations":[{"start":{"line":85,"column":6},"end":{"line":88,"column":7}}]},"10":{"loc":{"start":{"line":87,"column":8},"end":{"line":87,"column":50}},"type":"if","locations":[{"start":{"line":87,"column":8},"end":{"line":87,"column":50}}]},"11":{"loc":{"start":{"line":98,"column":22},"end":{"line":98,"column":61}},"type":"cond-expr","locations":[{"start":{"line":98,"column":34},"end":{"line":98,"column":57}},{"start":{"line":98,"column":60},"end":{"line":98,"column":61}}]}},"s":{"0":0,"1":0,"2":0,"3":0,"4":0,"5":0,"6":0,"7":0,"8":0,"9":0,"10":0,"11":0,"12":0,"13":0,"14":0,"15":0,"16":0,"17":0,"18":0,"19":0,"20":0,"21":0,"22":0,"23":0,"24":0,"25":0,"26":0,"27":0,"28":0,"29":0,"30":0,"31":0,"32":0,"33":0,"34":0,"35":0,"36":0,"37":0,"38":0,"39":0,"40":0,"41":0,"42":0,"43":0,"44":0,"45":0,"46":0,"47":0,"48":0,"49":0,"50":0,"51":0,"52":0,"53":0},"f":{"0":0,"1":0,"2":0,"3":0,"4":0,"5":0,"6":0,"7":0},"b":{"0":[0,0],"1":[0,0],"2":[0],"3":[0,0],"4":[0],"5":[0],"6":[0],"7":[0,0],"8":[0],"9":[0],"10":[0],"11":[0,0]}}
,"C:\\Users\\saksh\\OneDrive\\Desktop\\College Management\\backend\\src\\controllers\\auth.ts": {"path":"C:\\Users\\saksh\\OneDrive\\Desktop\\College Management\\backend\\src\\controllers\\auth.ts","statementMap":{"0":{"start":{"line":2,"column":0},"end":{"line":2,"column":38}},"1":{"start":{"line":3,"column":0},"end":{"line":3,"column":38}},"2":{"start":{"line":4,"column":0},"end":{"line":4,"column":66}},"3":{"start":{"line":5,"column":0},"end":{"line":5,"column":66}},"4":{"start":{"line":6,"column":0},"end":{"line":6,"column":43}},"5":{"start":{"line":8,"column":28},"end":{"line":65,"column":2}},"6":{"start":{"line":8,"column":66},"end":{"line":65,"column":2}},"7":{"start":{"line":9,"column":2},"end":{"line":64,"column":3}},"8":{"start":{"line":10,"column":71},"end":{"line":10,"column":79}},"9":{"start":{"line":13,"column":25},"end":{"line":13,"column":54}},"10":{"start":{"line":14,"column":4},"end":{"line":16,"column":5}},"11":{"start":{"line":15,"column":6},"end":{"line":15,"column":68}},"12":{"start":{"line":19,"column":27},"end":{"line":19,"column":55}},"13":{"start":{"line":22,"column":15},"end":{"line":22,"column":53}},"14":{"start":{"line":23,"column":4},"end":{"line":25,"column":5}},"15":{"start":{"line":24,"column":6},"end":{"line":24,"column":66}},"16":{"start":{"line":28,"column":17},"end":{"line":39,"column":6}},"17":{"start":{"line":41,"column":19},"end":{"line":45,"column":6}},"18":{"start":{"line":47,"column":4},"end":{"line":57,"column":7}},"19":{"start":{"line":59,"column":4},"end":{"line":63,"column":5}},"20":{"start":{"line":60,"column":6},"end":{"line":60,"column":96}},"21":{"start":{"line":62,"column":6},"end":{"line":62,"column":65}},"22":{"start":{"line":8,"column":13},"end":{"line":8,"column":28}},"23":{"start":{"line":67,"column":25},"end":{"line":130,"column":2}},"24":{"start":{"line":67,"column":63},"end":{"line":130,"column":2}},"25":{"start":{"line":68,"column":2},"end":{"line":129,"column":3}},"26":{"start":{"line":69,"column":32},"end":{"line":69,"column":40}},"27":{"start":{"line":72,"column":17},"end":{"line":75,"column":6}},"28":{"start":{"line":77,"column":4},"end":{"line":77,"column":51}},"29":{"start":{"line":79,"column":4},"end":{"line":85,"column":5}},"30":{"start":{"line":80,"column":6},"end":{"line":80,"column":61}},"31":{"start":{"line":81,"column":6},"end":{"line":84,"column":9}},"32":{"start":{"line":87,"column":20},"end":{"line":87,"column":66}},"33":{"start":{"line":88,"column":4},"end":{"line":88,"column":62}},"34":{"start":{"line":90,"column":4},"end":{"line":96,"column":5}},"35":{"start":{"line":91,"column":6},"end":{"line":91,"column":68}},"36":{"start":{"line":92,"column":6},"end":{"line":95,"column":9}},"37":{"start":{"line":99,"column":18},"end":{"line":99,"column":71}},"38":{"start":{"line":99,"column":56},"end":{"line":99,"column":70}},"39":{"start":{"line":101,"column":19},"end":{"line":105,"column":6}},"40":{"start":{"line":108,"column":4},"end":{"line":108,"column":32}},"41":{"start":{"line":109,"column":4},"end":{"line":109,"column":22}},"42":{"start":{"line":111,"column":4},"end":{"line":122,"column":7}},"43":{"start":{"line":124,"column":4},"end":{"line":128,"column":5}},"44":{"start":{"line":125,"column":6},"end":{"line":125,"column":96}},"45":{"start":{"line":127,"column":6},"end":{"line":127,"column":65}},"46":{"start":{"line":67,"column":13},"end":{"line":67,"column":25}},"47":{"start":{"line":132,"column":27},"end":{"line":169,"column":2}},"48":{"start":{"line":132,"column":65},"end":{"line":169,"column":2}},"49":{"start":{"line":133,"column":2},"end":{"line":168,"column":3}},"50":{"start":{"line":134,"column":29},"end":{"line":134,"column":37}},"51":{"start":{"line":136,"column":4},"end":{"line":138,"column":5}},"52":{"start":{"line":137,"column":6},"end":{"line":137,"column":85}},"53":{"start":{"line":140,"column":20},"end":{"line":140,"column":52}},"54":{"start":{"line":141,"column":4},"end":{"line":143,"column":5}},"55":{"start":{"line":142,"column":6},"end":{"line":142,"column":80}},"56":{"start":{"line":145,"column":17},"end":{"line":145,"column":87}},"57":{"start":{"line":146,"column":4},"end":{"line":148,"column":5}},"58":{"start":{"line":147,"column":6},"end":{"line":147,"column":66}},"59":{"start":{"line":150,"column":18},"end":{"line":150,"column":71}},"60":{"start":{"line":150,"column":56},"end":{"line":150,"column":70}},"61":{"start":{"line":152,"column":19},"end":{"line":156,"column":6}},"62":{"start":{"line":158,"column":4},"end":{"line":161,"column":7}},"63":{"start":{"line":163,"column":4},"end":{"line":167,"column":5}},"64":{"start":{"line":164,"column":6},"end":{"line":164,"column":96}},"65":{"start":{"line":166,"column":6},"end":{"line":166,"column":65}},"66":{"start":{"line":132,"column":13},"end":{"line":132,"column":27}}},"fnMap":{"0":{"name":"(anonymous_7)","decl":{"start":{"line":8,"column":28},"end":{"line":8,"column":35}},"loc":{"start":{"line":8,"column":66},"end":{"line":65,"column":2}}},"1":{"name":"(anonymous_8)","decl":{"start":{"line":8,"column":66},"end":{"line":8,"column":null}},"loc":{"start":{"line":8,"column":66},"end":{"line":65,"column":1}}},"2":{"name":"(anonymous_9)","decl":{"start":{"line":67,"column":25},"end":{"line":67,"column":32}},"loc":{"start":{"line":67,"column":63},"end":{"line":130,"column":2}}},"3":{"name":"(anonymous_10)","decl":{"start":{"line":67,"column":63},"end":{"line":67,"column":null}},"loc":{"start":{"line":67,"column":63},"end":{"line":130,"column":1}}},"4":{"name":"(anonymous_11)","decl":{"start":{"line":99,"column":43},"end":{"line":99,"column":44}},"loc":{"start":{"line":99,"column":56},"end":{"line":99,"column":70}}},"5":{"name":"(anonymous_12)","decl":{"start":{"line":132,"column":27},"end":{"line":132,"column":34}},"loc":{"start":{"line":132,"column":65},"end":{"line":169,"column":2}}},"6":{"name":"(anonymous_13)","decl":{"start":{"line":132,"column":65},"end":{"line":132,"column":null}},"loc":{"start":{"line":132,"column":65},"end":{"line":169,"column":1}}},"7":{"name":"(anonymous_14)","decl":{"start":{"line":150,"column":43},"end":{"line":150,"column":44}},"loc":{"start":{"line":150,"column":56},"end":{"line":150,"column":70}}}},"branchMap":{"0":{"loc":{"start":{"line":10,"column":46},"end":{"line":10,"column":66}},"type":"default-arg","locations":[{"start":{"line":10,"column":57},"end":{"line":10,"column":66}}]},"1":{"loc":{"start":{"line":14,"column":4},"end":{"line":16,"column":5}},"type":"if","locations":[{"start":{"line":14,"column":4},"end":{"line":16,"column":5}}]},"2":{"loc":{"start":{"line":23,"column":4},"end":{"line":25,"column":5}},"type":"if","locations":[{"start":{"line":23,"column":4},"end":{"line":25,"column":5}}]},"3":{"loc":{"start":{"line":59,"column":4},"end":{"line":63,"column":5}},"type":"if","locations":[{"start":{"line":59,"column":4},"end":{"line":63,"column":5}},{"start":{"line":61,"column":11},"end":{"line":63,"column":5}}]},"4":{"loc":{"start":{"line":79,"column":4},"end":{"line":85,"column":5}},"type":"if","locations":[{"start":{"line":79,"column":4},"end":{"line":85,"column":5}}]},"5":{"loc":{"start":{"line":90,"column":4},"end":{"line":96,"column":5}},"type":"if","locations":[{"start":{"line":90,"column":4},"end":{"line":96,"column":5}}]},"6":{"loc":{"start":{"line":124,"column":4},"end":{"line":128,"column":5}},"type":"if","locations":[{"start":{"line":124,"column":4},"end":{"line":128,"column":5}},{"start":{"line":126,"column":11},"end":{"line":128,"column":5}}]},"7":{"loc":{"start":{"line":136,"column":4},"end":{"line":138,"column":5}},"type":"if","locations":[{"start":{"line":136,"column":4},"end":{"line":138,"column":5}}]},"8":{"loc":{"start":{"line":141,"column":4},"end":{"line":143,"column":5}},"type":"if","locations":[{"start":{"line":141,"column":4},"end":{"line":143,"column":5}}]},"9":{"loc":{"start":{"line":146,"column":4},"end":{"line":148,"column":5}},"type":"if","locations":[{"start":{"line":146,"column":4},"end":{"line":148,"column":5}}]},"10":{"loc":{"start":{"line":163,"column":4},"end":{"line":167,"column":5}},"type":"if","locations":[{"start":{"line":163,"column":4},"end":{"line":167,"column":5}},{"start":{"line":165,"column":11},"end":{"line":167,"column":5}}]}},"s":{"0":0,"1":0,"2":0,"3":0,"4":0,"5":0,"6":0,"7":0,"8":0,"9":0,"10":0,"11":0,"12":0,"13":0,"14":0,"15":0,"16":0,"17":0,"18":0,"19":0,"20":0,"21":0,"22":0,"23":0,"24":0,"25":0,"26":0,"27":0,"28":0,"29":0,"30":0,"31":0,"32":0,"33":0,"34":0,"35":0,"36":0,"37":0,"38":0,"39":0,"40":0,"41":0,"42":0,"43":0,"44":0,"45":0,"46":0,"47":0,"48":0,"49":0,"50":0,"51":0,"52":0,"53":0,"54":0,"55":0,"56":0,"57":0,"58":0,"59":0,"60":0,"61":0,"62":0,"63":0,"64":0,"65":0,"66":0},"f":{"0":0,"1":0,"2":0,"3":0,"4":0,"5":0,"6":0,"7":0},"b":{"0":[0],"1":[0],"2":[0],"3":[0,0],"4":[0],"5":[0],"6":[0,0],"7":[0],"8":[0],"9":[0],"10":[0,0]}}
,"C:\\Users\\saksh\\OneDrive\\Desktop\\College Management\\backend\\src\\controllers\\book.ts": {"path":"C:\\Users\\saksh\\OneDrive\\Desktop\\College Management\\backend\\src\\controllers\\book.ts","statementMap":{"0":{"start":{"line":2,"column":0},"end":{"line":2,"column":38}},"1":{"start":{"line":3,"column":0},"end":{"line":3,"column":43}},"2":{"start":{"line":5,"column":27},"end":{"line":37,"column":2}},"3":{"start":{"line":5,"column":65},"end":{"line":37,"column":2}},"4":{"start":{"line":6,"column":2},"end":{"line":36,"column":3}},"5":{"start":{"line":7,"column":17},"end":{"line":7,"column":56}},"6":{"start":{"line":8,"column":17},"end":{"line":8,"column":57}},"7":{"start":{"line":9,"column":17},"end":{"line":9,"column":34}},"8":{"start":{"line":11,"column":18},"end":{"line":14,"column":13}},"9":{"start":{"line":16,"column":18},"end":{"line":16,"column":45}},"10":{"start":{"line":18,"column":4},"end":{"line":33,"column":7}},"11":{"start":{"line":23,"column":38},"end":{"line":31,"column":10}},"12":{"start":{"line":35,"column":4},"end":{"line":35,"column":63}},"13":{"start":{"line":5,"column":13},"end":{"line":5,"column":27}},"14":{"start":{"line":39,"column":27},"end":{"line":56,"column":2}},"15":{"start":{"line":39,"column":65},"end":{"line":56,"column":2}},"16":{"start":{"line":40,"column":2},"end":{"line":55,"column":3}},"17":{"start":{"line":41,"column":19},"end":{"line":41,"column":29}},"18":{"start":{"line":42,"column":17},"end":{"line":42,"column":47}},"19":{"start":{"line":44,"column":4},"end":{"line":46,"column":5}},"20":{"start":{"line":45,"column":6},"end":{"line":45,"column":66}},"21":{"start":{"line":48,"column":4},"end":{"line":48,"column":29}},"22":{"start":{"line":50,"column":4},"end":{"line":54,"column":5}},"23":{"start":{"line":51,"column":6},"end":{"line":51,"column":68}},"24":{"start":{"line":53,"column":6},"end":{"line":53,"column":65}},"25":{"start":{"line":39,"column":13},"end":{"line":39,"column":27}},"26":{"start":{"line":58,"column":26},"end":{"line":83,"column":2}},"27":{"start":{"line":58,"column":64},"end":{"line":83,"column":2}},"28":{"start":{"line":59,"column":2},"end":{"line":82,"column":3}},"29":{"start":{"line":60,"column":70},"end":{"line":60,"column":78}},"30":{"start":{"line":62,"column":17},"end":{"line":70,"column":6}},"31":{"start":{"line":72,"column":4},"end":{"line":75,"column":7}},"32":{"start":{"line":77,"column":4},"end":{"line":81,"column":5}},"33":{"start":{"line":78,"column":6},"end":{"line":78,"column":89}},"34":{"start":{"line":80,"column":6},"end":{"line":80,"column":65}},"35":{"start":{"line":58,"column":13},"end":{"line":58,"column":26}},"36":{"start":{"line":85,"column":26},"end":{"line":110,"column":2}},"37":{"start":{"line":85,"column":64},"end":{"line":110,"column":2}},"38":{"start":{"line":86,"column":2},"end":{"line":109,"column":3}},"39":{"start":{"line":87,"column":19},"end":{"line":87,"column":29}},"40":{"start":{"line":88,"column":20},"end":{"line":88,"column":28}},"41":{"start":{"line":90,"column":17},"end":{"line":93,"column":6}},"42":{"start":{"line":95,"column":4},"end":{"line":97,"column":5}},"43":{"start":{"line":96,"column":6},"end":{"line":96,"column":66}},"44":{"start":{"line":99,"column":4},"end":{"line":102,"column":7}},"45":{"start":{"line":104,"column":4},"end":{"line":108,"column":5}},"46":{"start":{"line":105,"column":6},"end":{"line":105,"column":68}},"47":{"start":{"line":107,"column":6},"end":{"line":107,"column":65}},"48":{"start":{"line":85,"column":13},"end":{"line":85,"column":26}},"49":{"start":{"line":112,"column":26},"end":{"line":129,"column":2}},"50":{"start":{"line":112,"column":64},"end":{"line":129,"column":2}},"51":{"start":{"line":113,"column":2},"end":{"line":128,"column":3}},"52":{"start":{"line":114,"column":19},"end":{"line":114,"column":29}},"53":{"start":{"line":116,"column":17},"end":{"line":116,"column":49}},"54":{"start":{"line":117,"column":4},"end":{"line":119,"column":5}},"55":{"start":{"line":118,"column":6},"end":{"line":118,"column":66}},"56":{"start":{"line":121,"column":4},"end":{"line":121,"column":55}},"57":{"start":{"line":123,"column":4},"end":{"line":127,"column":5}},"58":{"start":{"line":124,"column":6},"end":{"line":124,"column":68}},"59":{"start":{"line":126,"column":6},"end":{"line":126,"column":65}},"60":{"start":{"line":112,"column":13},"end":{"line":112,"column":26}}},"fnMap":{"0":{"name":"(anonymous_7)","decl":{"start":{"line":5,"column":27},"end":{"line":5,"column":34}},"loc":{"start":{"line":5,"column":65},"end":{"line":37,"column":2}}},"1":{"name":"(anonymous_8)","decl":{"start":{"line":5,"column":65},"end":{"line":5,"column":null}},"loc":{"start":{"line":5,"column":65},"end":{"line":37,"column":1}}},"2":{"name":"(anonymous_9)","decl":{"start":{"line":23,"column":25},"end":{"line":23,"column":26}},"loc":{"start":{"line":23,"column":38},"end":{"line":31,"column":10}}},"3":{"name":"(anonymous_10)","decl":{"start":{"line":39,"column":27},"end":{"line":39,"column":34}},"loc":{"start":{"line":39,"column":65},"end":{"line":56,"column":2}}},"4":{"name":"(anonymous_11)","decl":{"start":{"line":39,"column":65},"end":{"line":39,"column":null}},"loc":{"start":{"line":39,"column":65},"end":{"line":56,"column":1}}},"5":{"name":"(anonymous_12)","decl":{"start":{"line":58,"column":26},"end":{"line":58,"column":33}},"loc":{"start":{"line":58,"column":64},"end":{"line":83,"column":2}}},"6":{"name":"(anonymous_13)","decl":{"start":{"line":58,"column":64},"end":{"line":58,"column":null}},"loc":{"start":{"line":58,"column":64},"end":{"line":83,"column":1}}},"7":{"name":"(anonymous_14)","decl":{"start":{"line":85,"column":26},"end":{"line":85,"column":33}},"loc":{"start":{"line":85,"column":64},"end":{"line":110,"column":2}}},"8":{"name":"(anonymous_15)","decl":{"start":{"line":85,"column":64},"end":{"line":85,"column":null}},"loc":{"start":{"line":85,"column":64},"end":{"line":110,"column":1}}},"9":{"name":"(anonymous_16)","decl":{"start":{"line":112,"column":26},"end":{"line":112,"column":33}},"loc":{"start":{"line":112,"column":64},"end":{"line":129,"column":2}}},"10":{"name":"(anonymous_17)","decl":{"start":{"line":112,"column":64},"end":{"line":112,"column":null}},"loc":{"start":{"line":112,"column":64},"end":{"line":129,"column":1}}}},"branchMap":{"0":{"loc":{"start":{"line":7,"column":17},"end":{"line":7,"column":56}},"type":"binary-expr","locations":[{"start":{"line":7,"column":17},"end":{"line":7,"column":51}},{"start":{"line":7,"column":55},"end":{"line":7,"column":56}}]},"1":{"loc":{"start":{"line":8,"column":17},"end":{"line":8,"column":57}},"type":"binary-expr","locations":[{"start":{"line":8,"column":17},"end":{"line":8,"column":51}},{"start":{"line":8,"column":55},"end":{"line":8,"column":57}}]},"2":{"loc":{"start":{"line":44,"column":4},"end":{"line":46,"column":5}},"type":"if","locations":[{"start":{"line":44,"column":4},"end":{"line":46,"column":5}}]},"3":{"loc":{"start":{"line":50,"column":4},"end":{"line":54,"column":5}},"type":"if","locations":[{"start":{"line":50,"column":4},"end":{"line":54,"column":5}},{"start":{"line":52,"column":11},"end":{"line":54,"column":5}}]},"4":{"loc":{"start":{"line":77,"column":4},"end":{"line":81,"column":5}},"type":"if","locations":[{"start":{"line":77,"column":4},"end":{"line":81,"column":5}},{"start":{"line":79,"column":11},"end":{"line":81,"column":5}}]},"5":{"loc":{"start":{"line":95,"column":4},"end":{"line":97,"column":5}},"type":"if","locations":[{"start":{"line":95,"column":4},"end":{"line":97,"column":5}}]},"6":{"loc":{"start":{"line":104,"column":4},"end":{"line":108,"column":5}},"type":"if","locations":[{"start":{"line":104,"column":4},"end":{"line":108,"column":5}},{"start":{"line":106,"column":11},"end":{"line":108,"column":5}}]},"7":{"loc":{"start":{"line":117,"column":4},"end":{"line":119,"column":5}},"type":"if","locations":[{"start":{"line":117,"column":4},"end":{"line":119,"column":5}}]},"8":{"loc":{"start":{"line":123,"column":4},"end":{"line":127,"column":5}},"type":"if","locations":[{"start":{"line":123,"column":4},"end":{"line":127,"column":5}},{"start":{"line":125,"column":11},"end":{"line":127,"column":5}}]}},"s":{"0":0,"1":0,"2":0,"3":0,"4":0,"5":0,"6":0,"7":0,"8":0,"9":0,"10":0,"11":0,"12":0,"13":0,"14":0,"15":0,"16":0,"17":0,"18":0,"19":0,"20":0,"21":0,"22":0,"23":0,"24":0,"25":0,"26":0,"27":0,"28":0,"29":0,"30":0,"31":0,"32":0,"33":0,"34":0,"35":0,"36":0,"37":0,"38":0,"39":0,"40":0,"41":0,"42":0,"43":0,"44":0,"45":0,"46":0,"47":0,"48":0,"49":0,"50":0,"51":0,"52":0,"53":0,"54":0,"55":0,"56":0,"57":0,"58":0,"59":0,"60":0},"f":{"0":0,"1":0,"2":0,"3":0,"4":0,"5":0,"6":0,"7":0,"8":0,"9":0,"10":0},"b":{"0":[0,0],"1":[0,0],"2":[0],"3":[0,0],"4":[0,0],"5":[0],"6":[0,0],"7":[0],"8":[0,0]}}
,"C:\\Users\\saksh\\OneDrive\\Desktop\\College Management\\backend\\src\\controllers\\finance.ts": {"path":"C:\\Users\\saksh\\OneDrive\\Desktop\\College Management\\backend\\src\\controllers\\finance.ts","statementMap":{"0":{"start":{"line":2,"column":0},"end":{"line":2,"column":50}},"1":{"start":{"line":3,"column":0},"end":{"line":3,"column":44}},"2":{"start":{"line":4,"column":0},"end":{"line":4,"column":44}},"3":{"start":{"line":5,"column":0},"end":{"line":5,"column":43}},"4":{"start":{"line":6,"column":0},"end":{"line":6,"column":36}},"5":{"start":{"line":7,"column":0},"end":{"line":7,"column":44}},"6":{"start":{"line":8,"column":0},"end":{"line":8,"column":44}},"7":{"start":{"line":10,"column":30},"end":{"line":31,"column":2}},"8":{"start":{"line":10,"column":68},"end":{"line":31,"column":2}},"9":{"start":{"line":11,"column":2},"end":{"line":30,"column":3}},"10":{"start":{"line":12,"column":26},"end":{"line":12,"column":36}},"11":{"start":{"line":14,"column":17},"end":{"line":16,"column":13}},"12":{"start":{"line":18,"column":25},"end":{"line":20,"column":69}},"13":{"start":{"line":19,"column":26},"end":{"line":19,"column":45}},"14":{"start":{"line":20,"column":31},"end":{"line":20,"column":65}},"15":{"start":{"line":22,"column":4},"end":{"line":27,"column":7}},"16":{"start":{"line":29,"column":4},"end":{"line":29,"column":63}},"17":{"start":{"line":10,"column":13},"end":{"line":10,"column":30}},"18":{"start":{"line":33,"column":30},"end":{"line":88,"column":2}},"19":{"start":{"line":33,"column":68},"end":{"line":88,"column":2}},"20":{"start":{"line":34,"column":2},"end":{"line":87,"column":3}},"21":{"start":{"line":35,"column":76},"end":{"line":35,"column":84}},"22":{"start":{"line":38,"column":23},"end":{"line":38,"column":73}},"23":{"start":{"line":39,"column":4},"end":{"line":41,"column":5}},"24":{"start":{"line":40,"column":6},"end":{"line":40,"column":71}},"25":{"start":{"line":44,"column":20},"end":{"line":52,"column":6}},"26":{"start":{"line":55,"column":4},"end":{"line":55,"column":36}},"27":{"start":{"line":56,"column":4},"end":{"line":60,"column":5}},"28":{"start":{"line":57,"column":6},"end":{"line":57,"column":33}},"29":{"start":{"line":59,"column":6},"end":{"line":59,"column":36}},"30":{"start":{"line":61,"column":4},"end":{"line":61,"column":28}},"31":{"start":{"line":64,"column":20},"end":{"line":71,"column":6}},"32":{"start":{"line":73,"column":4},"end":{"line":80,"column":7}},"33":{"start":{"line":82,"column":4},"end":{"line":86,"column":5}},"34":{"start":{"line":83,"column":6},"end":{"line":83,"column":68}},"35":{"start":{"line":85,"column":6},"end":{"line":85,"column":65}},"36":{"start":{"line":33,"column":13},"end":{"line":33,"column":30}},"37":{"start":{"line":90,"column":26},"end":{"line":111,"column":2}},"38":{"start":{"line":90,"column":64},"end":{"line":111,"column":2}},"39":{"start":{"line":91,"column":2},"end":{"line":110,"column":3}},"40":{"start":{"line":92,"column":19},"end":{"line":92,"column":29}},"41":{"start":{"line":94,"column":20},"end":{"line":97,"column":13}},"42":{"start":{"line":99,"column":4},"end":{"line":101,"column":5}},"43":{"start":{"line":100,"column":6},"end":{"line":100,"column":72}},"44":{"start":{"line":103,"column":4},"end":{"line":103,"column":32}},"45":{"start":{"line":105,"column":4},"end":{"line":109,"column":5}},"46":{"start":{"line":106,"column":6},"end":{"line":106,"column":68}},"47":{"start":{"line":108,"column":6},"end":{"line":108,"column":65}},"48":{"start":{"line":90,"column":13},"end":{"line":90,"column":26}},"49":{"start":{"line":120,"column":33},"end":{"line":154,"column":2}},"50":{"start":{"line":120,"column":71},"end":{"line":154,"column":2}},"51":{"start":{"line":122,"column":2},"end":{"line":153,"column":3}},"52":{"start":{"line":123,"column":26},"end":{"line":123,"column":36}},"53":{"start":{"line":124,"column":17},"end":{"line":124,"column":56}},"54":{"start":{"line":125,"column":17},"end":{"line":125,"column":57}},"55":{"start":{"line":126,"column":17},"end":{"line":126,"column":34}},"56":{"start":{"line":128,"column":21},"end":{"line":133,"column":13}},"57":{"start":{"line":135,"column":18},"end":{"line":135,"column":80}},"58":{"start":{"line":137,"column":4},"end":{"line":150,"column":7}},"59":{"start":{"line":142,"column":44},"end":{"line":148,"column":10}},"60":{"start":{"line":152,"column":4},"end":{"line":152,"column":63}},"61":{"start":{"line":120,"column":13},"end":{"line":120,"column":33}},"62":{"start":{"line":157,"column":29},"end":{"line":176,"column":2}},"63":{"start":{"line":157,"column":67},"end":{"line":176,"column":2}},"64":{"start":{"line":159,"column":2},"end":{"line":175,"column":3}},"65":{"start":{"line":160,"column":65},"end":{"line":160,"column":73}},"66":{"start":{"line":161,"column":17},"end":{"line":161,"column":89}},"67":{"start":{"line":163,"column":20},"end":{"line":170,"column":6}},"68":{"start":{"line":172,"column":4},"end":{"line":172,"column":59}},"69":{"start":{"line":174,"column":4},"end":{"line":174,"column":67}},"70":{"start":{"line":157,"column":13},"end":{"line":157,"column":29}},"71":{"start":{"line":178,"column":30},"end":{"line":185,"column":2}},"72":{"start":{"line":178,"column":68},"end":{"line":185,"column":2}},"73":{"start":{"line":179,"column":2},"end":{"line":184,"column":3}},"74":{"start":{"line":180,"column":21},"end":{"line":180,"column":65}},"75":{"start":{"line":181,"column":4},"end":{"line":181,"column":48}},"76":{"start":{"line":183,"column":4},"end":{"line":183,"column":67}},"77":{"start":{"line":178,"column":13},"end":{"line":178,"column":30}},"78":{"start":{"line":187,"column":32},"end":{"line":220,"column":2}},"79":{"start":{"line":187,"column":70},"end":{"line":220,"column":2}},"80":{"start":{"line":188,"column":18},"end":{"line":188,"column":78}},"81":{"start":{"line":188,"column":24},"end":{"line":188,"column":43}},"82":{"start":{"line":188,"column":53},"end":{"line":188,"column":77}},"83":{"start":{"line":189,"column":2},"end":{"line":189,"column":29}},"84":{"start":{"line":190,"column":2},"end":{"line":219,"column":3}},"85":{"start":{"line":191,"column":44},"end":{"line":191,"column":52}},"86":{"start":{"line":193,"column":20},"end":{"line":193,"column":53}},"87":{"start":{"line":194,"column":4},"end":{"line":194,"column":77}},"88":{"start":{"line":194,"column":18},"end":{"line":194,"column":77}},"89":{"start":{"line":196,"column":21},"end":{"line":196,"column":70}},"90":{"start":{"line":198,"column":23},"end":{"line":204,"column":7}},"91":{"start":{"line":198,"column":48},"end":{"line":204,"column":6}},"92":{"start":{"line":206,"column":4},"end":{"line":208,"column":5}},"93":{"start":{"line":207,"column":6},"end":{"line":207,"column":59}},"94":{"start":{"line":210,"column":4},"end":{"line":210,"column":38}},"95":{"start":{"line":211,"column":4},"end":{"line":211,"column":90}},"96":{"start":{"line":214,"column":4},"end":{"line":214,"column":37}},"97":{"start":{"line":215,"column":4},"end":{"line":215,"column":25}},"98":{"start":{"line":216,"column":4},"end":{"line":216,"column":63}},"99":{"start":{"line":218,"column":4},"end":{"line":218,"column":25}},"100":{"start":{"line":187,"column":13},"end":{"line":187,"column":32}}},"fnMap":{"0":{"name":"(anonymous_16)","decl":{"start":{"line":10,"column":30},"end":{"line":10,"column":37}},"loc":{"start":{"line":10,"column":68},"end":{"line":31,"column":2}}},"1":{"name":"(anonymous_17)","decl":{"start":{"line":10,"column":68},"end":{"line":10,"column":null}},"loc":{"start":{"line":10,"column":68},"end":{"line":31,"column":1}}},"2":{"name":"(anonymous_18)","decl":{"start":{"line":19,"column":14},"end":{"line":19,"column":15}},"loc":{"start":{"line":19,"column":26},"end":{"line":19,"column":45}}},"3":{"name":"(anonymous_19)","decl":{"start":{"line":20,"column":14},"end":{"line":20,"column":15}},"loc":{"start":{"line":20,"column":31},"end":{"line":20,"column":65}}},"4":{"name":"(anonymous_20)","decl":{"start":{"line":33,"column":30},"end":{"line":33,"column":37}},"loc":{"start":{"line":33,"column":68},"end":{"line":88,"column":2}}},"5":{"name":"(anonymous_21)","decl":{"start":{"line":33,"column":68},"end":{"line":33,"column":null}},"loc":{"start":{"line":33,"column":68},"end":{"line":88,"column":1}}},"6":{"name":"(anonymous_22)","decl":{"start":{"line":90,"column":26},"end":{"line":90,"column":33}},"loc":{"start":{"line":90,"column":64},"end":{"line":111,"column":2}}},"7":{"name":"(anonymous_23)","decl":{"start":{"line":90,"column":64},"end":{"line":90,"column":null}},"loc":{"start":{"line":90,"column":64},"end":{"line":111,"column":1}}},"8":{"name":"(anonymous_24)","decl":{"start":{"line":120,"column":33},"end":{"line":120,"column":40}},"loc":{"start":{"line":120,"column":71},"end":{"line":154,"column":2}}},"9":{"name":"(anonymous_25)","decl":{"start":{"line":120,"column":71},"end":{"line":120,"column":null}},"loc":{"start":{"line":120,"column":71},"end":{"line":154,"column":1}}},"10":{"name":"(anonymous_26)","decl":{"start":{"line":142,"column":31},"end":{"line":142,"column":32}},"loc":{"start":{"line":142,"column":44},"end":{"line":148,"column":10}}},"11":{"name":"(anonymous_27)","decl":{"start":{"line":157,"column":29},"end":{"line":157,"column":36}},"loc":{"start":{"line":157,"column":67},"end":{"line":176,"column":2}}},"12":{"name":"(anonymous_28)","decl":{"start":{"line":157,"column":67},"end":{"line":157,"column":null}},"loc":{"start":{"line":157,"column":67},"end":{"line":176,"column":1}}},"13":{"name":"(anonymous_29)","decl":{"start":{"line":178,"column":30},"end":{"line":178,"column":37}},"loc":{"start":{"line":178,"column":68},"end":{"line":185,"column":2}}},"14":{"name":"(anonymous_30)","decl":{"start":{"line":178,"column":68},"end":{"line":178,"column":null}},"loc":{"start":{"line":178,"column":68},"end":{"line":185,"column":1}}},"15":{"name":"(anonymous_31)","decl":{"start":{"line":187,"column":32},"end":{"line":187,"column":39}},"loc":{"start":{"line":187,"column":70},"end":{"line":220,"column":2}}},"16":{"name":"(anonymous_32)","decl":{"start":{"line":187,"column":70},"end":{"line":187,"column":null}},"loc":{"start":{"line":187,"column":70},"end":{"line":220,"column":1}}},"17":{"name":"(anonymous_33)","decl":{"start":{"line":188,"column":24},"end":{"line":188,"column":31}},"loc":{"start":{"line":188,"column":24},"end":{"line":188,"column":43}}},"18":{"name":"(anonymous_34)","decl":{"start":{"line":188,"column":48},"end":{"line":188,"column":49}},"loc":{"start":{"line":188,"column":53},"end":{"line":188,"column":77}}},"19":{"name":"(anonymous_35)","decl":{"start":{"line":198,"column":36},"end":{"line":198,"column":43}},"loc":{"start":{"line":198,"column":48},"end":{"line":204,"column":6}}}},"branchMap":{"0":{"loc":{"start":{"line":39,"column":4},"end":{"line":41,"column":5}},"type":"if","locations":[{"start":{"line":39,"column":4},"end":{"line":41,"column":5}}]},"1":{"loc":{"start":{"line":56,"column":4},"end":{"line":60,"column":5}},"type":"if","locations":[{"start":{"line":56,"column":4},"end":{"line":60,"column":5}},{"start":{"line":58,"column":11},"end":{"line":60,"column":5}}]},"2":{"loc":{"start":{"line":82,"column":4},"end":{"line":86,"column":5}},"type":"if","locations":[{"start":{"line":82,"column":4},"end":{"line":86,"column":5}},{"start":{"line":84,"column":11},"end":{"line":86,"column":5}}]},"3":{"loc":{"start":{"line":99,"column":4},"end":{"line":101,"column":5}},"type":"if","locations":[{"start":{"line":99,"column":4},"end":{"line":101,"column":5}}]},"4":{"loc":{"start":{"line":105,"column":4},"end":{"line":109,"column":5}},"type":"if","locations":[{"start":{"line":105,"column":4},"end":{"line":109,"column":5}},{"start":{"line":107,"column":11},"end":{"line":109,"column":5}}]},"5":{"loc":{"start":{"line":124,"column":17},"end":{"line":124,"column":56}},"type":"binary-expr","locations":[{"start":{"line":124,"column":17},"end":{"line":124,"column":51}},{"start":{"line":124,"column":55},"end":{"line":124,"column":56}}]},"6":{"loc":{"start":{"line":125,"column":17},"end":{"line":125,"column":57}},"type":"binary-expr","locations":[{"start":{"line":125,"column":17},"end":{"line":125,"column":51}},{"start":{"line":125,"column":55},"end":{"line":125,"column":57}}]},"7":{"loc":{"start":{"line":194,"column":4},"end":{"line":194,"column":77}},"type":"if","locations":[{"start":{"line":194,"column":4},"end":{"line":194,"column":77}}]},"8":{"loc":{"start":{"line":206,"column":4},"end":{"line":208,"column":5}},"type":"if","locations":[{"start":{"line":206,"column":4},"end":{"line":208,"column":5}}]}},"s":{"0":0,"1":0,"2":0,"3":0,"4":0,"5":0,"6":0,"7":0,"8":0,"9":0,"10":0,"11":0,"12":0,"13":0,"14":0,"15":0,"16":0,"17":0,"18":0,"19":0,"20":0,"21":0,"22":0,"23":0,"24":0,"25":0,"26":0,"27":0,"28":0,"29":0,"30":0,"31":0,"32":0,"33":0,"34":0,"35":0,"36":0,"37":0,"38":0,"39":0,"40":0,"41":0,"42":0,"43":0,"44":0,"45":0,"46":0,"47":0,"48":0,"49":0,"50":0,"51":0,"52":0,"53":0,"54":0,"55":0,"56":0,"57":0,"58":0,"59":0,"60":0,"61":0,"62":0,"63":0,"64":0,"65":0,"66":0,"67":0,"68":0,"69":0,"70":0,"71":0,"72":0,"73":0,"74":0,"75":0,"76":0,"77":0,"78":0,"79":0,"80":0,"81":0,"82":0,"83":0,"84":0,"85":0,"86":0,"87":0,"88":0,"89":0,"90":0,"91":0,"92":0,"93":0,"94":0,"95":0,"96":0,"97":0,"98":0,"99":0,"100":0},"f":{"0":0,"1":0,"2":0,"3":0,"4":0,"5":0,"6":0,"7":0,"8":0,"9":0,"10":0,"11":0,"12":0,"13":0,"14":0,"15":0,"16":0,"17":0,"18":0,"19":0},"b":{"0":[0],"1":[0,0],"2":[0,0],"3":[0],"4":[0,0],"5":[0,0],"6":[0,0],"7":[0],"8":[0]}}
,"C:\\Users\\saksh\\OneDrive\\Desktop\\College Management\\backend\\src\\controllers\\report.ts": {"path":"C:\\Users\\saksh\\OneDrive\\Desktop\\College Management\\backend\\src\\controllers\\report.ts","statementMap":{"0":{"start":{"line":2,"column":0},"end":{"line":2,"column":44}},"1":{"start":{"line":3,"column":0},"end":{"line":3,"column":44}},"2":{"start":{"line":4,"column":0},"end":{"line":4,"column":62}},"3":{"start":{"line":7,"column":33},"end":{"line":42,"column":2}},"4":{"start":{"line":7,"column":71},"end":{"line":42,"column":2}},"5":{"start":{"line":8,"column":4},"end":{"line":41,"column":5}},"6":{"start":{"line":9,"column":29},"end":{"line":9,"column":79}},"7":{"start":{"line":10,"column":29},"end":{"line":10,"column":59}},"8":{"start":{"line":13,"column":25},"end":{"line":17,"column":10}},"9":{"start":{"line":20,"column":22},"end":{"line":20,"column":32}},"10":{"start":{"line":21,"column":8},"end":{"line":21,"column":35}},"11":{"start":{"line":23,"column":32},"end":{"line":26,"column":10}},"12":{"start":{"line":28,"column":37},"end":{"line":28,"column":39}},"13":{"start":{"line":30,"column":8},"end":{"line":38,"column":11}},"14":{"start":{"line":40,"column":8},"end":{"line":40,"column":93}},"15":{"start":{"line":7,"column":13},"end":{"line":7,"column":33}},"16":{"start":{"line":44,"column":35},"end":{"line":60,"column":2}},"17":{"start":{"line":44,"column":73},"end":{"line":60,"column":2}},"18":{"start":{"line":45,"column":4},"end":{"line":59,"column":5}},"19":{"start":{"line":48,"column":23},"end":{"line":55,"column":10}},"20":{"start":{"line":56,"column":8},"end":{"line":56,"column":50}},"21":{"start":{"line":58,"column":8},"end":{"line":58,"column":95}},"22":{"start":{"line":44,"column":13},"end":{"line":44,"column":35}},"23":{"start":{"line":62,"column":28},"end":{"line":73,"column":2}},"24":{"start":{"line":62,"column":66},"end":{"line":73,"column":2}},"25":{"start":{"line":63,"column":4},"end":{"line":72,"column":5}},"26":{"start":{"line":64,"column":23},"end":{"line":68,"column":10}},"27":{"start":{"line":69,"column":8},"end":{"line":69,"column":50}},"28":{"start":{"line":71,"column":8},"end":{"line":71,"column":88}},"29":{"start":{"line":62,"column":13},"end":{"line":62,"column":28}}},"fnMap":{"0":{"name":"(anonymous_7)","decl":{"start":{"line":7,"column":33},"end":{"line":7,"column":40}},"loc":{"start":{"line":7,"column":71},"end":{"line":42,"column":2}}},"1":{"name":"(anonymous_8)","decl":{"start":{"line":7,"column":71},"end":{"line":7,"column":null}},"loc":{"start":{"line":7,"column":71},"end":{"line":42,"column":1}}},"2":{"name":"(anonymous_9)","decl":{"start":{"line":44,"column":35},"end":{"line":44,"column":42}},"loc":{"start":{"line":44,"column":73},"end":{"line":60,"column":2}}},"3":{"name":"(anonymous_10)","decl":{"start":{"line":44,"column":73},"end":{"line":44,"column":null}},"loc":{"start":{"line":44,"column":73},"end":{"line":60,"column":1}}},"4":{"name":"(anonymous_11)","decl":{"start":{"line":62,"column":28},"end":{"line":62,"column":35}},"loc":{"start":{"line":62,"column":66},"end":{"line":73,"column":2}}},"5":{"name":"(anonymous_12)","decl":{"start":{"line":62,"column":66},"end":{"line":62,"column":null}},"loc":{"start":{"line":62,"column":66},"end":{"line":73,"column":1}}}},"branchMap":{},"s":{"0":0,"1":0,"2":0,"3":0,"4":0,"5":0,"6":0,"7":0,"8":0,"9":0,"10":0,"11":0,"12":0,"13":0,"14":0,"15":0,"16":0,"17":0,"18":0,"19":0,"20":0,"21":0,"22":0,"23":0,"24":0,"25":0,"26":0,"27":0,"28":0,"29":0},"f":{"0":0,"1":0,"2":0,"3":0,"4":0,"5":0},"b":{}}
,"C:\\Users\\saksh\\OneDrive\\Desktop\\College Management\\backend\\src\\controllers\\student.ts": {"path":"C:\\Users\\saksh\\OneDrive\\Desktop\\College Management\\backend\\src\\controllers\\student.ts","statementMap":{"0":{"start":{"line":2,"column":0},"end":{"line":2,"column":32}},"1":{"start":{"line":3,"column":0},"end":{"line":3,"column":44}},"2":{"start":{"line":4,"column":0},"end":{"line":4,"column":38}},"3":{"start":{"line":5,"column":0},"end":{"line":5,"column":40}},"4":{"start":{"line":6,"column":0},"end":{"line":6,"column":49}},"5":{"start":{"line":7,"column":0},"end":{"line":7,"column":43}},"6":{"start":{"line":9,"column":30},"end":{"line":51,"column":2}},"7":{"start":{"line":9,"column":68},"end":{"line":51,"column":2}},"8":{"start":{"line":10,"column":2},"end":{"line":50,"column":3}},"9":{"start":{"line":11,"column":17},"end":{"line":11,"column":56}},"10":{"start":{"line":12,"column":17},"end":{"line":12,"column":57}},"11":{"start":{"line":13,"column":20},"end":{"line":13,"column":47}},"12":{"start":{"line":14,"column":19},"end":{"line":14,"column":45}},"13":{"start":{"line":16,"column":17},"end":{"line":16,"column":34}},"14":{"start":{"line":17,"column":24},"end":{"line":17,"column":26}},"15":{"start":{"line":19,"column":4},"end":{"line":19,"column":42}},"16":{"start":{"line":19,"column":17},"end":{"line":19,"column":42}},"17":{"start":{"line":20,"column":4},"end":{"line":20,"column":39}},"18":{"start":{"line":20,"column":16},"end":{"line":20,"column":39}},"19":{"start":{"line":22,"column":21},"end":{"line":27,"column":13}},"20":{"start":{"line":29,"column":18},"end":{"line":29,"column":54}},"21":{"start":{"line":31,"column":4},"end":{"line":47,"column":7}},"22":{"start":{"line":36,"column":43},"end":{"line":45,"column":11}},"23":{"start":{"line":49,"column":4},"end":{"line":49,"column":63}},"24":{"start":{"line":9,"column":13},"end":{"line":9,"column":30}},"25":{"start":{"line":53,"column":30},"end":{"line":87,"column":2}},"26":{"start":{"line":53,"column":68},"end":{"line":87,"column":2}},"27":{"start":{"line":54,"column":2},"end":{"line":86,"column":3}},"28":{"start":{"line":55,"column":19},"end":{"line":55,"column":29}},"29":{"start":{"line":56,"column":25},"end":{"line":59,"column":13}},"30":{"start":{"line":61,"column":4},"end":{"line":63,"column":5}},"31":{"start":{"line":62,"column":6},"end":{"line":62,"column":72}},"32":{"start":{"line":65,"column":4},"end":{"line":79,"column":7}},"33":{"start":{"line":81,"column":4},"end":{"line":85,"column":5}},"34":{"start":{"line":82,"column":6},"end":{"line":82,"column":68}},"35":{"start":{"line":84,"column":6},"end":{"line":84,"column":65}},"36":{"start":{"line":53,"column":13},"end":{"line":53,"column":30}},"37":{"start":{"line":89,"column":29},"end":{"line":175,"column":2}},"38":{"start":{"line":89,"column":67},"end":{"line":175,"column":2}},"39":{"start":{"line":90,"column":18},"end":{"line":90,"column":47}},"40":{"start":{"line":91,"column":2},"end":{"line":91,"column":29}},"41":{"start":{"line":93,"column":2},"end":{"line":174,"column":3}},"42":{"start":{"line":94,"column":111},"end":{"line":94,"column":119}},"43":{"start":{"line":97,"column":28},"end":{"line":97,"column":78}},"44":{"start":{"line":98,"column":4},"end":{"line":100,"column":5}},"45":{"start":{"line":99,"column":6},"end":{"line":99,"column":77}},"46":{"start":{"line":103,"column":22},"end":{"line":103,"column":68}},"47":{"start":{"line":104,"column":4},"end":{"line":106,"column":5}},"48":{"start":{"line":105,"column":6},"end":{"line":105,"column":68}},"49":{"start":{"line":109,"column":27},"end":{"line":109,"column":55}},"50":{"start":{"line":110,"column":17},"end":{"line":116,"column":20}},"51":{"start":{"line":122,"column":19},"end":{"line":129,"column":21}},"52":{"start":{"line":122,"column":25},"end":{"line":122,"column":55}},"53":{"start":{"line":122,"column":65},"end":{"line":129,"column":20}},"54":{"start":{"line":133,"column":20},"end":{"line":147,"column":20}},"55":{"start":{"line":150,"column":4},"end":{"line":152,"column":21}},"56":{"start":{"line":150,"column":10},"end":{"line":150,"column":40}},"57":{"start":{"line":150,"column":50},"end":{"line":152,"column":19}},"58":{"start":{"line":155,"column":4},"end":{"line":155,"column":38}},"59":{"start":{"line":157,"column":4},"end":{"line":163,"column":7}},"60":{"start":{"line":165,"column":4},"end":{"line":165,"column":37}},"61":{"start":{"line":166,"column":4},"end":{"line":171,"column":5}},"62":{"start":{"line":167,"column":6},"end":{"line":167,"column":96}},"63":{"start":{"line":169,"column":6},"end":{"line":169,"column":52}},"64":{"start":{"line":170,"column":6},"end":{"line":170,"column":65}},"65":{"start":{"line":173,"column":4},"end":{"line":173,"column":25}},"66":{"start":{"line":89,"column":13},"end":{"line":89,"column":29}},"67":{"start":{"line":177,"column":29},"end":{"line":202,"column":2}},"68":{"start":{"line":177,"column":67},"end":{"line":202,"column":2}},"69":{"start":{"line":178,"column":2},"end":{"line":201,"column":3}},"70":{"start":{"line":179,"column":19},"end":{"line":179,"column":29}},"71":{"start":{"line":180,"column":20},"end":{"line":180,"column":28}},"72":{"start":{"line":182,"column":20},"end":{"line":185,"column":6}},"73":{"start":{"line":187,"column":4},"end":{"line":189,"column":5}},"74":{"start":{"line":188,"column":6},"end":{"line":188,"column":72}},"75":{"start":{"line":191,"column":4},"end":{"line":194,"column":7}},"76":{"start":{"line":196,"column":4},"end":{"line":200,"column":5}},"77":{"start":{"line":197,"column":6},"end":{"line":197,"column":68}},"78":{"start":{"line":199,"column":6},"end":{"line":199,"column":65}},"79":{"start":{"line":177,"column":13},"end":{"line":177,"column":29}},"80":{"start":{"line":204,"column":29},"end":{"line":225,"column":2}},"81":{"start":{"line":204,"column":67},"end":{"line":225,"column":2}},"82":{"start":{"line":205,"column":2},"end":{"line":224,"column":3}},"83":{"start":{"line":206,"column":19},"end":{"line":206,"column":29}},"84":{"start":{"line":208,"column":20},"end":{"line":208,"column":46}},"85":{"start":{"line":209,"column":4},"end":{"line":211,"column":5}},"86":{"start":{"line":210,"column":6},"end":{"line":210,"column":72}},"87":{"start":{"line":214,"column":4},"end":{"line":214,"column":32}},"88":{"start":{"line":215,"column":4},"end":{"line":215,"column":25}},"89":{"start":{"line":217,"column":4},"end":{"line":217,"column":58}},"90":{"start":{"line":219,"column":4},"end":{"line":223,"column":5}},"91":{"start":{"line":220,"column":6},"end":{"line":220,"column":68}},"92":{"start":{"line":222,"column":6},"end":{"line":222,"column":65}},"93":{"start":{"line":204,"column":13},"end":{"line":204,"column":29}},"94":{"start":{"line":227,"column":30},"end":{"line":266,"column":2}},"95":{"start":{"line":227,"column":68},"end":{"line":266,"column":2}},"96":{"start":{"line":228,"column":2},"end":{"line":265,"column":3}},"97":{"start":{"line":229,"column":19},"end":{"line":229,"column":29}},"98":{"start":{"line":230,"column":39},"end":{"line":230,"column":47}},"99":{"start":{"line":232,"column":20},"end":{"line":232,"column":46}},"100":{"start":{"line":233,"column":4},"end":{"line":235,"column":5}},"101":{"start":{"line":234,"column":6},"end":{"line":234,"column":72}},"102":{"start":{"line":238,"column":21},"end":{"line":238,"column":53}},"103":{"start":{"line":239,"column":4},"end":{"line":241,"column":5}},"104":{"start":{"line":240,"column":6},"end":{"line":240,"column":75}},"105":{"start":{"line":244,"column":4},"end":{"line":244,"column":33}},"106":{"start":{"line":245,"column":4},"end":{"line":245,"column":52}},"107":{"start":{"line":246,"column":4},"end":{"line":246,"column":25}},"108":{"start":{"line":250,"column":4},"end":{"line":258,"column":7}},"109":{"start":{"line":260,"column":4},"end":{"line":264,"column":5}},"110":{"start":{"line":261,"column":6},"end":{"line":261,"column":68}},"111":{"start":{"line":263,"column":6},"end":{"line":263,"column":74}},"112":{"start":{"line":227,"column":13},"end":{"line":227,"column":30}},"113":{"start":{"line":268,"column":37},"end":{"line":307,"column":2}},"114":{"start":{"line":268,"column":75},"end":{"line":307,"column":2}},"115":{"start":{"line":269,"column":2},"end":{"line":306,"column":3}},"116":{"start":{"line":270,"column":19},"end":{"line":270,"column":29}},"117":{"start":{"line":272,"column":20},"end":{"line":276,"column":13}},"118":{"start":{"line":278,"column":4},"end":{"line":280,"column":5}},"119":{"start":{"line":279,"column":6},"end":{"line":279,"column":72}},"120":{"start":{"line":283,"column":38},"end":{"line":287,"column":6}},"121":{"start":{"line":284,"column":6},"end":{"line":284,"column":40}},"122":{"start":{"line":284,"column":50},"end":{"line":284,"column":108}},"123":{"start":{"line":285,"column":6},"end":{"line":285,"column":46}},"124":{"start":{"line":285,"column":56},"end":{"line":285,"column":134}},"125":{"start":{"line":286,"column":6},"end":{"line":286,"column":34}},"126":{"start":{"line":286,"column":44},"end":{"line":286,"column":115}},"127":{"start":{"line":289,"column":4},"end":{"line":301,"column":7}},"128":{"start":{"line":304,"column":4},"end":{"line":304,"column":42}},"129":{"start":{"line":305,"column":4},"end":{"line":305,"column":70}},"130":{"start":{"line":268,"column":13},"end":{"line":268,"column":37}}},"fnMap":{"0":{"name":"(anonymous_17)","decl":{"start":{"line":9,"column":30},"end":{"line":9,"column":37}},"loc":{"start":{"line":9,"column":68},"end":{"line":51,"column":2}}},"1":{"name":"(anonymous_18)","decl":{"start":{"line":9,"column":68},"end":{"line":9,"column":null}},"loc":{"start":{"line":9,"column":68},"end":{"line":51,"column":1}}},"2":{"name":"(anonymous_19)","decl":{"start":{"line":36,"column":31},"end":{"line":36,"column":32}},"loc":{"start":{"line":36,"column":42},"end":{"line":45,"column":11}}},"3":{"name":"(anonymous_20)","decl":{"start":{"line":53,"column":30},"end":{"line":53,"column":37}},"loc":{"start":{"line":53,"column":68},"end":{"line":87,"column":2}}},"4":{"name":"(anonymous_21)","decl":{"start":{"line":53,"column":68},"end":{"line":53,"column":null}},"loc":{"start":{"line":53,"column":68},"end":{"line":87,"column":1}}},"5":{"name":"(anonymous_22)","decl":{"start":{"line":89,"column":29},"end":{"line":89,"column":36}},"loc":{"start":{"line":89,"column":67},"end":{"line":175,"column":2}}},"6":{"name":"(anonymous_23)","decl":{"start":{"line":89,"column":67},"end":{"line":89,"column":null}},"loc":{"start":{"line":89,"column":67},"end":{"line":175,"column":1}}},"7":{"name":"(anonymous_24)","decl":{"start":{"line":122,"column":25},"end":{"line":122,"column":32}},"loc":{"start":{"line":122,"column":25},"end":{"line":122,"column":55}}},"8":{"name":"(anonymous_25)","decl":{"start":{"line":122,"column":60},"end":{"line":122,"column":61}},"loc":{"start":{"line":122,"column":65},"end":{"line":129,"column":20}}},"9":{"name":"(anonymous_26)","decl":{"start":{"line":150,"column":10},"end":{"line":150,"column":17}},"loc":{"start":{"line":150,"column":10},"end":{"line":150,"column":40}}},"10":{"name":"(anonymous_27)","decl":{"start":{"line":150,"column":45},"end":{"line":150,"column":46}},"loc":{"start":{"line":150,"column":50},"end":{"line":152,"column":19}}},"11":{"name":"(anonymous_28)","decl":{"start":{"line":177,"column":29},"end":{"line":177,"column":36}},"loc":{"start":{"line":177,"column":67},"end":{"line":202,"column":2}}},"12":{"name":"(anonymous_29)","decl":{"start":{"line":177,"column":67},"end":{"line":177,"column":null}},"loc":{"start":{"line":177,"column":67},"end":{"line":202,"column":1}}},"13":{"name":"(anonymous_30)","decl":{"start":{"line":204,"column":29},"end":{"line":204,"column":36}},"loc":{"start":{"line":204,"column":67},"end":{"line":225,"column":2}}},"14":{"name":"(anonymous_31)","decl":{"start":{"line":204,"column":67},"end":{"line":204,"column":null}},"loc":{"start":{"line":204,"column":67},"end":{"line":225,"column":1}}},"15":{"name":"(anonymous_32)","decl":{"start":{"line":227,"column":30},"end":{"line":227,"column":37}},"loc":{"start":{"line":227,"column":68},"end":{"line":266,"column":2}}},"16":{"name":"(anonymous_33)","decl":{"start":{"line":227,"column":68},"end":{"line":227,"column":null}},"loc":{"start":{"line":227,"column":68},"end":{"line":266,"column":1}}},"17":{"name":"(anonymous_34)","decl":{"start":{"line":268,"column":37},"end":{"line":268,"column":44}},"loc":{"start":{"line":268,"column":75},"end":{"line":307,"column":2}}},"18":{"name":"(anonymous_35)","decl":{"start":{"line":268,"column":75},"end":{"line":268,"column":null}},"loc":{"start":{"line":268,"column":75},"end":{"line":307,"column":1}}},"19":{"name":"(anonymous_36)","decl":{"start":{"line":284,"column":6},"end":{"line":284,"column":13}},"loc":{"start":{"line":284,"column":6},"end":{"line":284,"column":40}}},"20":{"name":"(anonymous_37)","decl":{"start":{"line":284,"column":45},"end":{"line":284,"column":46}},"loc":{"start":{"line":284,"column":50},"end":{"line":284,"column":108}}},"21":{"name":"(anonymous_38)","decl":{"start":{"line":285,"column":6},"end":{"line":285,"column":13}},"loc":{"start":{"line":285,"column":6},"end":{"line":285,"column":46}}},"22":{"name":"(anonymous_39)","decl":{"start":{"line":285,"column":51},"end":{"line":285,"column":52}},"loc":{"start":{"line":285,"column":56},"end":{"line":285,"column":134}}},"23":{"name":"(anonymous_40)","decl":{"start":{"line":286,"column":6},"end":{"line":286,"column":13}},"loc":{"start":{"line":286,"column":6},"end":{"line":286,"column":34}}},"24":{"name":"(anonymous_41)","decl":{"start":{"line":286,"column":39},"end":{"line":286,"column":40}},"loc":{"start":{"line":286,"column":44},"end":{"line":286,"column":115}}}},"branchMap":{"0":{"loc":{"start":{"line":11,"column":17},"end":{"line":11,"column":56}},"type":"binary-expr","locations":[{"start":{"line":11,"column":17},"end":{"line":11,"column":51}},{"start":{"line":11,"column":55},"end":{"line":11,"column":56}}]},"1":{"loc":{"start":{"line":12,"column":17},"end":{"line":12,"column":57}},"type":"binary-expr","locations":[{"start":{"line":12,"column":17},"end":{"line":12,"column":51}},{"start":{"line":12,"column":55},"end":{"line":12,"column":57}}]},"2":{"loc":{"start":{"line":19,"column":4},"end":{"line":19,"column":42}},"type":"if","locations":[{"start":{"line":19,"column":4},"end":{"line":19,"column":42}}]},"3":{"loc":{"start":{"line":20,"column":4},"end":{"line":20,"column":39}},"type":"if","locations":[{"start":{"line":20,"column":4},"end":{"line":20,"column":39}}]},"4":{"loc":{"start":{"line":42,"column":17},"end":{"line":42,"column":32}},"type":"cond-expr","locations":[{"start":{"line":42,"column":26},"end":{"line":42,"column":28}},{"start":{"line":42,"column":26},"end":{"line":42,"column":32}}]},"5":{"loc":{"start":{"line":42,"column":17},"end":{"line":42,"column":28}},"type":"binary-expr","locations":[{"start":{"line":42,"column":17},"end":{"line":42,"column":28}},{"start":{"line":42,"column":26},"end":{"line":42,"column":28}}]},"6":{"loc":{"start":{"line":61,"column":4},"end":{"line":63,"column":5}},"type":"if","locations":[{"start":{"line":61,"column":4},"end":{"line":63,"column":5}}]},"7":{"loc":{"start":{"line":81,"column":4},"end":{"line":85,"column":5}},"type":"if","locations":[{"start":{"line":81,"column":4},"end":{"line":85,"column":5}},{"start":{"line":83,"column":11},"end":{"line":85,"column":5}}]},"8":{"loc":{"start":{"line":98,"column":4},"end":{"line":100,"column":5}},"type":"if","locations":[{"start":{"line":98,"column":4},"end":{"line":100,"column":5}}]},"9":{"loc":{"start":{"line":104,"column":4},"end":{"line":106,"column":5}},"type":"if","locations":[{"start":{"line":104,"column":4},"end":{"line":106,"column":5}}]},"10":{"loc":{"start":{"line":166,"column":4},"end":{"line":171,"column":5}},"type":"if","locations":[{"start":{"line":166,"column":4},"end":{"line":171,"column":5}},{"start":{"line":168,"column":11},"end":{"line":171,"column":5}}]},"11":{"loc":{"start":{"line":187,"column":4},"end":{"line":189,"column":5}},"type":"if","locations":[{"start":{"line":187,"column":4},"end":{"line":189,"column":5}}]},"12":{"loc":{"start":{"line":196,"column":4},"end":{"line":200,"column":5}},"type":"if","locations":[{"start":{"line":196,"column":4},"end":{"line":200,"column":5}},{"start":{"line":198,"column":11},"end":{"line":200,"column":5}}]},"13":{"loc":{"start":{"line":209,"column":4},"end":{"line":211,"column":5}},"type":"if","locations":[{"start":{"line":209,"column":4},"end":{"line":211,"column":5}}]},"14":{"loc":{"start":{"line":219,"column":4},"end":{"line":223,"column":5}},"type":"if","locations":[{"start":{"line":219,"column":4},"end":{"line":223,"column":5}},{"start":{"line":221,"column":11},"end":{"line":223,"column":5}}]},"15":{"loc":{"start":{"line":233,"column":4},"end":{"line":235,"column":5}},"type":"if","locations":[{"start":{"line":233,"column":4},"end":{"line":235,"column":5}}]},"16":{"loc":{"start":{"line":239,"column":4},"end":{"line":241,"column":5}},"type":"if","locations":[{"start":{"line":239,"column":4},"end":{"line":241,"column":5}}]},"17":{"loc":{"start":{"line":245,"column":22},"end":{"line":245,"column":51}},"type":"binary-expr","locations":[{"start":{"line":245,"column":22},"end":{"line":245,"column":32}},{"start":{"line":245,"column":36},"end":{"line":245,"column":51}}]},"18":{"loc":{"start":{"line":260,"column":4},"end":{"line":264,"column":5}},"type":"if","locations":[{"start":{"line":260,"column":4},"end":{"line":264,"column":5}},{"start":{"line":262,"column":11},"end":{"line":264,"column":5}}]},"19":{"loc":{"start":{"line":278,"column":4},"end":{"line":280,"column":5}},"type":"if","locations":[{"start":{"line":278,"column":4},"end":{"line":280,"column":5}}]}},"s":{"0":0,"1":0,"2":0,"3":0,"4":0,"5":0,"6":0,"7":0,"8":0,"9":0,"10":0,"11":0,"12":0,"13":0,"14":0,"15":0,"16":0,"17":0,"18":0,"19":0,"20":0,"21":0,"22":0,"23":0,"24":0,"25":0,"26":0,"27":0,"28":0,"29":0,"30":0,"31":0,"32":0,"33":0,"34":0,"35":0,"36":0,"37":0,"38":0,"39":0,"40":0,"41":0,"42":0,"43":0,"44":0,"45":0,"46":0,"47":0,"48":0,"49":0,"50":0,"51":0,"52":0,"53":0,"54":0,"55":0,"56":0,"57":0,"58":0,"59":0,"60":0,"61":0,"62":0,"63":0,"64":0,"65":0,"66":0,"67":0,"68":0,"69":0,"70":0,"71":0,"72":0,"73":0,"74":0,"75":0,"76":0,"77":0,"78":0,"79":0,"80":0,"81":0,"82":0,"83":0,"84":0,"85":0,"86":0,"87":0,"88":0,"89":0,"90":0,"91":0,"92":0,"93":0,"94":0,"95":0,"96":0,"97":0,"98":0,"99":0,"100":0,"101":0,"102":0,"103":0,"104":0,"105":0,"106":0,"107":0,"108":0,"109":0,"110":0,"111":0,"112":0,"113":0,"114":0,"115":0,"116":0,"117":0,"118":0,"119":0,"120":0,"121":0,"122":0,"123":0,"124":0,"125":0,"126":0,"127":0,"128":0,"129":0,"130":0},"f":{"0":0,"1":0,"2":0,"3":0,"4":0,"5":0,"6":0,"7":0,"8":0,"9":0,"10":0,"11":0,"12":0,"13":0,"14":0,"15":0,"16":0,"17":0,"18":0,"19":0,"20":0,"21":0,"22":0,"23":0,"24":0},"b":{"0":[0,0],"1":[0,0],"2":[0],"3":[0],"4":[0,0],"5":[0,0],"6":[0],"7":[0,0],"8":[0],"9":[0],"10":[0,0],"11":[0],"12":[0,0],"13":[0],"14":[0,0],"15":[0],"16":[0],"17":[0,0],"18":[0,0],"19":[0]}}
,"C:\\Users\\saksh\\OneDrive\\Desktop\\College Management\\backend\\src\\middleware\\auth.ts": {"path":"C:\\Users\\saksh\\OneDrive\\Desktop\\College Management\\backend\\src\\middleware\\auth.ts","statementMap":{"0":{"start":{"line":2,"column":0},"end":{"line":2,"column":49}},"1":{"start":{"line":3,"column":0},"end":{"line":3,"column":43}},"2":{"start":{"line":9,"column":30},"end":{"line":31,"column":2}},"3":{"start":{"line":9,"column":101},"end":{"line":31,"column":2}},"4":{"start":{"line":10,"column":2},"end":{"line":30,"column":3}},"5":{"start":{"line":11,"column":18},"end":{"line":11,"column":58}},"6":{"start":{"line":13,"column":4},"end":{"line":15,"column":5}},"7":{"start":{"line":14,"column":6},"end":{"line":14,"column":78}},"8":{"start":{"line":17,"column":20},"end":{"line":17,"column":44}},"9":{"start":{"line":18,"column":4},"end":{"line":20,"column":5}},"10":{"start":{"line":19,"column":6},"end":{"line":19,"column":75}},"11":{"start":{"line":22,"column":4},"end":{"line":22,"column":23}},"12":{"start":{"line":23,"column":4},"end":{"line":23,"column":11}},"13":{"start":{"line":25,"column":4},"end":{"line":29,"column":5}},"14":{"start":{"line":26,"column":6},"end":{"line":26,"column":96}},"15":{"start":{"line":28,"column":6},"end":{"line":28,"column":56}},"16":{"start":{"line":9,"column":13},"end":{"line":9,"column":30}},"17":{"start":{"line":33,"column":30},"end":{"line":46,"column":1}},"18":{"start":{"line":34,"column":2},"end":{"line":45,"column":4}},"19":{"start":{"line":35,"column":4},"end":{"line":37,"column":5}},"20":{"start":{"line":36,"column":6},"end":{"line":36,"column":63}},"21":{"start":{"line":39,"column":20},"end":{"line":39,"column":86}},"22":{"start":{"line":39,"column":58},"end":{"line":39,"column":85}},"23":{"start":{"line":40,"column":4},"end":{"line":42,"column":5}},"24":{"start":{"line":41,"column":6},"end":{"line":41,"column":60}},"25":{"start":{"line":44,"column":4},"end":{"line":44,"column":11}},"26":{"start":{"line":33,"column":13},"end":{"line":33,"column":30}}},"fnMap":{"0":{"name":"(anonymous_7)","decl":{"start":{"line":9,"column":30},"end":{"line":9,"column":37}},"loc":{"start":{"line":9,"column":101},"end":{"line":31,"column":2}}},"1":{"name":"(anonymous_8)","decl":{"start":{"line":9,"column":101},"end":{"line":9,"column":null}},"loc":{"start":{"line":9,"column":101},"end":{"line":31,"column":1}}},"2":{"name":"(anonymous_9)","decl":{"start":{"line":33,"column":30},"end":{"line":33,"column":31}},"loc":{"start":{"line":33,"column":57},"end":{"line":46,"column":1}}},"3":{"name":"(anonymous_10)","decl":{"start":{"line":34,"column":9},"end":{"line":34,"column":10}},"loc":{"start":{"line":34,"column":74},"end":{"line":45,"column":3}}},"4":{"name":"(anonymous_11)","decl":{"start":{"line":39,"column":40},"end":{"line":39,"column":41}},"loc":{"start":{"line":39,"column":58},"end":{"line":39,"column":85}}}},"branchMap":{"0":{"loc":{"start":{"line":11,"column":18},"end":{"line":11,"column":58}},"type":"cond-expr","locations":[{"start":{"line":11,"column":43},"end":{"line":11,"column":45}},{"start":{"line":11,"column":43},"end":{"line":11,"column":58}}]},"1":{"loc":{"start":{"line":11,"column":18},"end":{"line":11,"column":45}},"type":"binary-expr","locations":[{"start":{"line":11,"column":18},"end":{"line":11,"column":45}},{"start":{"line":11,"column":43},"end":{"line":11,"column":45}}]},"2":{"loc":{"start":{"line":13,"column":4},"end":{"line":15,"column":5}},"type":"if","locations":[{"start":{"line":13,"column":4},"end":{"line":15,"column":5}}]},"3":{"loc":{"start":{"line":18,"column":4},"end":{"line":20,"column":5}},"type":"if","locations":[{"start":{"line":18,"column":4},"end":{"line":20,"column":5}}]},"4":{"loc":{"start":{"line":25,"column":4},"end":{"line":29,"column":5}},"type":"if","locations":[{"start":{"line":25,"column":4},"end":{"line":29,"column":5}},{"start":{"line":27,"column":11},"end":{"line":29,"column":5}}]},"5":{"loc":{"start":{"line":35,"column":4},"end":{"line":37,"column":5}},"type":"if","locations":[{"start":{"line":35,"column":4},"end":{"line":37,"column":5}}]},"6":{"loc":{"start":{"line":40,"column":4},"end":{"line":42,"column":5}},"type":"if","locations":[{"start":{"line":40,"column":4},"end":{"line":42,"column":5}}]}},"s":{"0":0,"1":0,"2":0,"3":0,"4":0,"5":0,"6":0,"7":0,"8":0,"9":0,"10":0,"11":0,"12":0,"13":0,"14":0,"15":0,"16":0,"17":0,"18":0,"19":0,"20":0,"21":0,"22":0,"23":0,"24":0,"25":0,"26":0},"f":{"0":0,"1":0,"2":0,"3":0,"4":0},"b":{"0":[0,0],"1":[0,0],"2":[0],"3":[0],"4":[0,0],"5":[0],"6":[0]}}
,"C:\\Users\\saksh\\OneDrive\\Desktop\\College Management\\backend\\src\\models\\AttendanceRecord.ts": {"path":"C:\\Users\\saksh\\OneDrive\\Desktop\\College Management\\backend\\src\\models\\AttendanceRecord.ts","statementMap":{"0":{"start":{"line":1,"column":0},"end":{"line":1,"column":32}},"1":{"start":{"line":3,"column":31},"end":{"line":42,"column":null}},"2":{"start":{"line":46,"column":0},"end":{"line":46,"column":54}},"3":{"start":{"line":47,"column":0},"end":{"line":47,"column":67}},"4":{"start":{"line":49,"column":13},"end":{"line":49,"column":91}}},"fnMap":{},"branchMap":{},"s":{"0":0,"1":0,"2":0,"3":0,"4":0},"f":{},"b":{}}
,"C:\\Users\\saksh\\OneDrive\\Desktop\\College Management\\backend\\src\\models\\Book.ts": {"path":"C:\\Users\\saksh\\OneDrive\\Desktop\\College Management\\backend\\src\\models\\Book.ts","statementMap":{"0":{"start":{"line":1,"column":0},"end":{"line":1,"column":32}},"1":{"start":{"line":3,"column":19},"end":{"line":39,"column":null}},"2":{"start":{"line":43,"column":0},"end":{"line":43,"column":30}},"3":{"start":{"line":44,"column":0},"end":{"line":44,"column":31}},"4":{"start":{"line":46,"column":13},"end":{"line":46,"column":55}}},"fnMap":{},"branchMap":{},"s":{"0":0,"1":0,"2":0,"3":0,"4":0},"f":{},"b":{}}
,"C:\\Users\\saksh\\OneDrive\\Desktop\\College Management\\backend\\src\\models\\BookCopy.ts": {"path":"C:\\Users\\saksh\\OneDrive\\Desktop\\College Management\\backend\\src\\models\\BookCopy.ts","statementMap":{"0":{"start":{"line":1,"column":0},"end":{"line":1,"column":32}},"1":{"start":{"line":3,"column":23},"end":{"line":24,"column":null}},"2":{"start":{"line":28,"column":0},"end":{"line":28,"column":36}},"3":{"start":{"line":29,"column":0},"end":{"line":29,"column":37}},"4":{"start":{"line":30,"column":0},"end":{"line":30,"column":36}},"5":{"start":{"line":32,"column":13},"end":{"line":32,"column":67}}},"fnMap":{},"branchMap":{},"s":{"0":0,"1":0,"2":0,"3":0,"4":0,"5":0},"f":{},"b":{}}
,"C:\\Users\\saksh\\OneDrive\\Desktop\\College Management\\backend\\src\\models\\Class.ts": {"path":"C:\\Users\\saksh\\OneDrive\\Desktop\\College Management\\backend\\src\\models\\Class.ts","statementMap":{"0":{"start":{"line":1,"column":0},"end":{"line":1,"column":32}},"1":{"start":{"line":3,"column":20},"end":{"line":32,"column":null}},"2":{"start":{"line":36,"column":0},"end":{"line":36,"column":78}},"3":{"start":{"line":38,"column":13},"end":{"line":38,"column":58}}},"fnMap":{},"branchMap":{},"s":{"0":0,"1":0,"2":0,"3":0},"f":{},"b":{}}
,"C:\\Users\\saksh\\OneDrive\\Desktop\\College Management\\backend\\src\\models\\ExamResult.ts": {"path":"C:\\Users\\saksh\\OneDrive\\Desktop\\College Management\\backend\\src\\models\\ExamResult.ts","statementMap":{"0":{"start":{"line":1,"column":0},"end":{"line":1,"column":32}},"1":{"start":{"line":3,"column":25},"end":{"line":39,"column":null}},"2":{"start":{"line":43,"column":0},"end":{"line":43,"column":41}},"3":{"start":{"line":44,"column":0},"end":{"line":44,"column":45}},"4":{"start":{"line":46,"column":13},"end":{"line":46,"column":73}}},"fnMap":{},"branchMap":{},"s":{"0":0,"1":0,"2":0,"3":0,"4":0},"f":{},"b":{}}
,"C:\\Users\\saksh\\OneDrive\\Desktop\\College Management\\backend\\src\\models\\Loan.ts": {"path":"C:\\Users\\saksh\\OneDrive\\Desktop\\College Management\\backend\\src\\models\\Loan.ts","statementMap":{"0":{"start":{"line":1,"column":0},"end":{"line":1,"column":32}},"1":{"start":{"line":3,"column":19},"end":{"line":40,"column":null}},"2":{"start":{"line":44,"column":0},"end":{"line":44,"column":32}},"3":{"start":{"line":45,"column":0},"end":{"line":45,"column":32}},"4":{"start":{"line":46,"column":0},"end":{"line":46,"column":32}},"5":{"start":{"line":48,"column":13},"end":{"line":48,"column":55}}},"fnMap":{},"branchMap":{},"s":{"0":0,"1":0,"2":0,"3":0,"4":0,"5":0},"f":{},"b":{}}
,"C:\\Users\\saksh\\OneDrive\\Desktop\\College Management\\backend\\src\\models\\Notification.ts": {"path":"C:\\Users\\saksh\\OneDrive\\Desktop\\College Management\\backend\\src\\models\\Notification.ts","statementMap":{"0":{"start":{"line":1,"column":0},"end":{"line":1,"column":32}},"1":{"start":{"line":3,"column":27},"end":{"line":38,"column":null}},"2":{"start":{"line":42,"column":0},"end":{"line":42,"column":51}},"3":{"start":{"line":43,"column":0},"end":{"line":43,"column":44}},"4":{"start":{"line":45,"column":13},"end":{"line":45,"column":79}}},"fnMap":{},"branchMap":{},"s":{"0":0,"1":0,"2":0,"3":0,"4":0},"f":{},"b":{}}
,"C:\\Users\\saksh\\OneDrive\\Desktop\\College Management\\backend\\src\\models\\Parent.ts": {"path":"C:\\Users\\saksh\\OneDrive\\Desktop\\College Management\\backend\\src\\models\\Parent.ts","statementMap":{"0":{"start":{"line":1,"column":0},"end":{"line":1,"column":32}},"1":{"start":{"line":3,"column":21},"end":{"line":41,"column":null}},"2":{"start":{"line":44,"column":13},"end":{"line":44,"column":61}}},"fnMap":{},"branchMap":{},"s":{"0":0,"1":0,"2":0},"f":{},"b":{}}
,"C:\\Users\\saksh\\OneDrive\\Desktop\\College Management\\backend\\src\\models\\Receipt.ts": {"path":"C:\\Users\\saksh\\OneDrive\\Desktop\\College Management\\backend\\src\\models\\Receipt.ts","statementMap":{"0":{"start":{"line":1,"column":0},"end":{"line":1,"column":32}},"1":{"start":{"line":3,"column":22},"end":{"line":42,"column":null}},"2":{"start":{"line":46,"column":0},"end":{"line":46,"column":38}},"3":{"start":{"line":47,"column":0},"end":{"line":47,"column":38}},"4":{"start":{"line":49,"column":13},"end":{"line":49,"column":64}}},"fnMap":{},"branchMap":{},"s":{"0":0,"1":0,"2":0,"3":0,"4":0},"f":{},"b":{}}
,"C:\\Users\\saksh\\OneDrive\\Desktop\\College Management\\backend\\src\\models\\Role.ts": {"path":"C:\\Users\\saksh\\OneDrive\\Desktop\\College Management\\backend\\src\\models\\Role.ts","statementMap":{"0":{"start":{"line":1,"column":0},"end":{"line":1,"column":32}},"1":{"start":{"line":3,"column":19},"end":{"line":21,"column":null}},"2":{"start":{"line":24,"column":13},"end":{"line":24,"column":55}}},"fnMap":{},"branchMap":{},"s":{"0":0,"1":0,"2":0},"f":{},"b":{}}
,"C:\\Users\\saksh\\OneDrive\\Desktop\\College Management\\backend\\src\\models\\Salary.ts": {"path":"C:\\Users\\saksh\\OneDrive\\Desktop\\College Management\\backend\\src\\models\\Salary.ts","statementMap":{"0":{"start":{"line":1,"column":0},"end":{"line":1,"column":32}},"1":{"start":{"line":3,"column":21},"end":{"line":49,"column":null}},"2":{"start":{"line":53,"column":0},"end":{"line":53,"column":56}},"3":{"start":{"line":54,"column":0},"end":{"line":54,"column":34}},"4":{"start":{"line":56,"column":13},"end":{"line":56,"column":61}}},"fnMap":{},"branchMap":{},"s":{"0":0,"1":0,"2":0,"3":0,"4":0},"f":{},"b":{}}
,"C:\\Users\\saksh\\OneDrive\\Desktop\\College Management\\backend\\src\\models\\SalaryComponent.ts": {"path":"C:\\Users\\saksh\\OneDrive\\Desktop\\College Management\\backend\\src\\models\\SalaryComponent.ts","statementMap":{"0":{"start":{"line":1,"column":0},"end":{"line":1,"column":32}},"1":{"start":{"line":3,"column":30},"end":{"line":18,"column":null}},"2":{"start":{"line":21,"column":13},"end":{"line":21,"column":88}}},"fnMap":{},"branchMap":{},"s":{"0":0,"1":0,"2":0},"f":{},"b":{}}
,"C:\\Users\\saksh\\OneDrive\\Desktop\\College Management\\backend\\src\\models\\Student.ts": {"path":"C:\\Users\\saksh\\OneDrive\\Desktop\\College Management\\backend\\src\\models\\Student.ts","statementMap":{"0":{"start":{"line":1,"column":0},"end":{"line":1,"column":32}},"1":{"start":{"line":3,"column":22},"end":{"line":62,"column":null}},"2":{"start":{"line":66,"column":0},"end":{"line":66,"column":35}},"3":{"start":{"line":67,"column":0},"end":{"line":67,"column":36}},"4":{"start":{"line":68,"column":0},"end":{"line":68,"column":35}},"5":{"start":{"line":70,"column":13},"end":{"line":70,"column":64}}},"fnMap":{},"branchMap":{},"s":{"0":0,"1":0,"2":0,"3":0,"4":0,"5":0},"f":{},"b":{}}
,"C:\\Users\\saksh\\OneDrive\\Desktop\\College Management\\backend\\src\\models\\StudentFee.ts": {"path":"C:\\Users\\saksh\\OneDrive\\Desktop\\College Management\\backend\\src\\models\\StudentFee.ts","statementMap":{"0":{"start":{"line":1,"column":0},"end":{"line":1,"column":32}},"1":{"start":{"line":3,"column":25},"end":{"line":45,"column":null}},"2":{"start":{"line":49,"column":0},"end":{"line":49,"column":41}},"3":{"start":{"line":50,"column":0},"end":{"line":50,"column":38}},"4":{"start":{"line":52,"column":13},"end":{"line":52,"column":73}}},"fnMap":{},"branchMap":{},"s":{"0":0,"1":0,"2":0,"3":0,"4":0},"f":{},"b":{}}
,"C:\\Users\\saksh\\OneDrive\\Desktop\\College Management\\backend\\src\\models\\Subject.ts": {"path":"C:\\Users\\saksh\\OneDrive\\Desktop\\College Management\\backend\\src\\models\\Subject.ts","statementMap":{"0":{"start":{"line":1,"column":0},"end":{"line":1,"column":32}},"1":{"start":{"line":3,"column":22},"end":{"line":27,"column":null}},"2":{"start":{"line":31,"column":0},"end":{"line":31,"column":33}},"3":{"start":{"line":33,"column":13},"end":{"line":33,"column":64}}},"fnMap":{},"branchMap":{},"s":{"0":0,"1":0,"2":0,"3":0},"f":{},"b":{}}
,"C:\\Users\\saksh\\OneDrive\\Desktop\\College Management\\backend\\src\\models\\Teacher.ts": {"path":"C:\\Users\\saksh\\OneDrive\\Desktop\\College Management\\backend\\src\\models\\Teacher.ts","statementMap":{"0":{"start":{"line":1,"column":0},"end":{"line":1,"column":32}},"1":{"start":{"line":3,"column":22},"end":{"line":53,"column":2}},"2":{"start":{"line":55,"column":13},"end":{"line":55,"column":64}}},"fnMap":{},"branchMap":{},"s":{"0":0,"1":0,"2":0},"f":{},"b":{}}
,"C:\\Users\\saksh\\OneDrive\\Desktop\\College Management\\backend\\src\\models\\Timetable.ts": {"path":"C:\\Users\\saksh\\OneDrive\\Desktop\\College Management\\backend\\src\\models\\Timetable.ts","statementMap":{"0":{"start":{"line":1,"column":0},"end":{"line":1,"column":32}},"1":{"start":{"line":3,"column":24},"end":{"line":38,"column":null}},"2":{"start":{"line":42,"column":0},"end":{"line":42,"column":55}},"3":{"start":{"line":44,"column":13},"end":{"line":44,"column":70}}},"fnMap":{},"branchMap":{},"s":{"0":0,"1":0,"2":0,"3":0},"f":{},"b":{}}
,"C:\\Users\\saksh\\OneDrive\\Desktop\\College Management\\backend\\src\\models\\User.ts": {"path":"C:\\Users\\saksh\\OneDrive\\Desktop\\College Management\\backend\\src\\models\\User.ts","statementMap":{"0":{"start":{"line":1,"column":0},"end":{"line":1,"column":32}},"1":{"start":{"line":3,"column":19},"end":{"line":63,"column":null}},"2":{"start":{"line":67,"column":0},"end":{"line":67,"column":31}},"3":{"start":{"line":69,"column":13},"end":{"line":69,"column":55}}},"fnMap":{},"branchMap":{},"s":{"0":0,"1":0,"2":0,"3":0},"f":{},"b":{}}
,"C:\\Users\\saksh\\OneDrive\\Desktop\\College Management\\backend\\src\\routes\\attendance.ts": {"path":"C:\\Users\\saksh\\OneDrive\\Desktop\\College Management\\backend\\src\\routes\\attendance.ts","statementMap":{"0":{"start":{"line":1,"column":0},"end":{"line":1,"column":30}},"1":{"start":{"line":2,"column":0},"end":{"line":2,"column":68}},"2":{"start":{"line":3,"column":0},"end":{"line":3,"column":null}},"3":{"start":{"line":9,"column":15},"end":{"line":9,"column":31}},"4":{"start":{"line":11,"column":0},"end":{"line":11,"column":91}},"5":{"start":{"line":12,"column":0},"end":{"line":12,"column":47}},"6":{"start":{"line":13,"column":0},"end":{"line":13,"column":72}},"7":{"start":{"line":15,"column":0},"end":{"line":15,"column":22}}},"fnMap":{},"branchMap":{},"s":{"0":0,"1":0,"2":0,"3":0,"4":0,"5":0,"6":0,"7":0},"f":{},"b":{}}
,"C:\\Users\\saksh\\OneDrive\\Desktop\\College Management\\backend\\src\\routes\\auth.ts": {"path":"C:\\Users\\saksh\\OneDrive\\Desktop\\College Management\\backend\\src\\routes\\auth.ts","statementMap":{"0":{"start":{"line":1,"column":0},"end":{"line":1,"column":30}},"1":{"start":{"line":2,"column":0},"end":{"line":2,"column":75}},"2":{"start":{"line":3,"column":0},"end":{"line":3,"column":68}},"3":{"start":{"line":5,"column":15},"end":{"line":5,"column":31}},"4":{"start":{"line":7,"column":0},"end":{"line":7,"column":39}},"5":{"start":{"line":8,"column":0},"end":{"line":8,"column":33}},"6":{"start":{"line":9,"column":0},"end":{"line":9,"column":37}},"7":{"start":{"line":12,"column":0},"end":{"line":16,"column":3}},"8":{"start":{"line":13,"column":2},"end":{"line":15,"column":5}},"9":{"start":{"line":18,"column":0},"end":{"line":18,"column":22}}},"fnMap":{"0":{"name":"(anonymous_1)","decl":{"start":{"line":12,"column":34},"end":{"line":12,"column":35}},"loc":{"start":{"line":12,"column":47},"end":{"line":16,"column":1}}}},"branchMap":{},"s":{"0":0,"1":0,"2":0,"3":0,"4":0,"5":0,"6":0,"7":0,"8":0,"9":0},"f":{"0":0},"b":{}}
,"C:\\Users\\saksh\\OneDrive\\Desktop\\College Management\\backend\\src\\routes\\book.ts": {"path":"C:\\Users\\saksh\\OneDrive\\Desktop\\College Management\\backend\\src\\routes\\book.ts","statementMap":{"0":{"start":{"line":1,"column":0},"end":{"line":1,"column":30}},"1":{"start":{"line":2,"column":0},"end":{"line":2,"column":68}},"2":{"start":{"line":3,"column":0},"end":{"line":3,"column":null}},"3":{"start":{"line":11,"column":15},"end":{"line":11,"column":31}},"4":{"start":{"line":13,"column":0},"end":{"line":13,"column":45}},"5":{"start":{"line":14,"column":0},"end":{"line":14,"column":48}},"6":{"start":{"line":15,"column":0},"end":{"line":15,"column":72}},"7":{"start":{"line":16,"column":0},"end":{"line":16,"column":76}},"8":{"start":{"line":17,"column":0},"end":{"line":17,"column":77}},"9":{"start":{"line":19,"column":0},"end":{"line":19,"column":22}}},"fnMap":{},"branchMap":{},"s":{"0":0,"1":0,"2":0,"3":0,"4":0,"5":0,"6":0,"7":0,"8":0,"9":0},"f":{},"b":{}}
,"C:\\Users\\saksh\\OneDrive\\Desktop\\College Management\\backend\\src\\routes\\class.ts": {"path":"C:\\Users\\saksh\\OneDrive\\Desktop\\College Management\\backend\\src\\routes\\class.ts","statementMap":{"0":{"start":{"line":1,"column":0},"end":{"line":1,"column":30}},"1":{"start":{"line":2,"column":0},"end":{"line":2,"column":68}},"2":{"start":{"line":3,"column":0},"end":{"line":3,"column":106}},"3":{"start":{"line":5,"column":15},"end":{"line":5,"column":31}},"4":{"start":{"line":7,"column":0},"end":{"line":7,"column":47}},"5":{"start":{"line":8,"column":0},"end":{"line":8,"column":49}},"6":{"start":{"line":9,"column":0},"end":{"line":9,"column":73}},"7":{"start":{"line":10,"column":0},"end":{"line":10,"column":75}},"8":{"start":{"line":11,"column":0},"end":{"line":11,"column":78}},"9":{"start":{"line":13,"column":0},"end":{"line":13,"column":22}}},"fnMap":{},"branchMap":{},"s":{"0":0,"1":0,"2":0,"3":0,"4":0,"5":0,"6":0,"7":0,"8":0,"9":0},"f":{},"b":{}}
,"C:\\Users\\saksh\\OneDrive\\Desktop\\College Management\\backend\\src\\routes\\dashboard.ts": {"path":"C:\\Users\\saksh\\OneDrive\\Desktop\\College Management\\backend\\src\\routes\\dashboard.ts","statementMap":{"0":{"start":{"line":1,"column":0},"end":{"line":1,"column":30}},"1":{"start":{"line":2,"column":0},"end":{"line":2,"column":66}},"2":{"start":{"line":3,"column":0},"end":{"line":3,"column":68}},"3":{"start":{"line":5,"column":15},"end":{"line":5,"column":31}},"4":{"start":{"line":8,"column":0},"end":{"line":13,"column":2}},"5":{"start":{"line":15,"column":0},"end":{"line":15,"column":22}}},"fnMap":{},"branchMap":{},"s":{"0":0,"1":0,"2":0,"3":0,"4":0,"5":0},"f":{},"b":{}}
,"C:\\Users\\saksh\\OneDrive\\Desktop\\College Management\\backend\\src\\routes\\finance.ts": {"path":"C:\\Users\\saksh\\OneDrive\\Desktop\\College Management\\backend\\src\\routes\\finance.ts","statementMap":{"0":{"start":{"line":1,"column":0},"end":{"line":1,"column":30}},"1":{"start":{"line":2,"column":0},"end":{"line":2,"column":68}},"2":{"start":{"line":3,"column":0},"end":{"line":3,"column":null}},"3":{"start":{"line":13,"column":15},"end":{"line":13,"column":31}},"4":{"start":{"line":15,"column":0},"end":{"line":15,"column":66}},"5":{"start":{"line":16,"column":0},"end":{"line":16,"column":55}},"6":{"start":{"line":17,"column":0},"end":{"line":17,"column":77}},"7":{"start":{"line":18,"column":0},"end":{"line":18,"column":84}},"8":{"start":{"line":19,"column":0},"end":{"line":19,"column":57}},"9":{"start":{"line":20,"column":0},"end":{"line":20,"column":90}},"10":{"start":{"line":21,"column":0},"end":{"line":21,"column":52}},"11":{"start":{"line":23,"column":0},"end":{"line":23,"column":22}}},"fnMap":{},"branchMap":{},"s":{"0":0,"1":0,"2":0,"3":0,"4":0,"5":0,"6":0,"7":0,"8":0,"9":0,"10":0,"11":0},"f":{},"b":{}}
,"C:\\Users\\saksh\\OneDrive\\Desktop\\College Management\\backend\\src\\routes\\report.ts": {"path":"C:\\Users\\saksh\\OneDrive\\Desktop\\College Management\\backend\\src\\routes\\report.ts","statementMap":{"0":{"start":{"line":1,"column":0},"end":{"line":1,"column":30}},"1":{"start":{"line":2,"column":0},"end":{"line":2,"column":68}},"2":{"start":{"line":3,"column":0},"end":{"line":3,"column":93}},"3":{"start":{"line":5,"column":15},"end":{"line":5,"column":31}},"4":{"start":{"line":7,"column":0},"end":{"line":7,"column":66}},"5":{"start":{"line":8,"column":0},"end":{"line":8,"column":90}},"6":{"start":{"line":9,"column":0},"end":{"line":9,"column":77}},"7":{"start":{"line":11,"column":0},"end":{"line":11,"column":22}}},"fnMap":{},"branchMap":{},"s":{"0":0,"1":0,"2":0,"3":0,"4":0,"5":0,"6":0,"7":0},"f":{},"b":{}}
,"C:\\Users\\saksh\\OneDrive\\Desktop\\College Management\\backend\\src\\routes\\teacher.ts": {"path":"C:\\Users\\saksh\\OneDrive\\Desktop\\College Management\\backend\\src\\routes\\teacher.ts","statementMap":{"0":{"start":{"line":1,"column":0},"end":{"line":1,"column":30}},"1":{"start":{"line":2,"column":0},"end":{"line":2,"column":68}},"2":{"start":{"line":3,"column":0},"end":{"line":3,"column":117}},"3":{"start":{"line":5,"column":15},"end":{"line":5,"column":31}},"4":{"start":{"line":7,"column":0},"end":{"line":7,"column":75}},"5":{"start":{"line":8,"column":0},"end":{"line":8,"column":86}},"6":{"start":{"line":9,"column":0},"end":{"line":9,"column":51}},"7":{"start":{"line":10,"column":0},"end":{"line":10,"column":77}},"8":{"start":{"line":11,"column":0},"end":{"line":11,"column":80}},"9":{"start":{"line":13,"column":0},"end":{"line":13,"column":22}}},"fnMap":{},"branchMap":{},"s":{"0":0,"1":0,"2":0,"3":0,"4":0,"5":0,"6":0,"7":0,"8":0,"9":0},"f":{},"b":{}}
,"C:\\Users\\saksh\\OneDrive\\Desktop\\College Management\\backend\\src\\scripts\\seed.ts": {"path":"C:\\Users\\saksh\\OneDrive\\Desktop\\College Management\\backend\\src\\scripts\\seed.ts","statementMap":{"0":{"start":{"line":1,"column":0},"end":{"line":1,"column":32}},"1":{"start":{"line":2,"column":0},"end":{"line":2,"column":41}},"2":{"start":{"line":3,"column":0},"end":{"line":3,"column":38}},"3":{"start":{"line":4,"column":0},"end":{"line":4,"column":38}},"4":{"start":{"line":5,"column":0},"end":{"line":5,"column":49}},"5":{"start":{"line":7,"column":13},"end":{"line":95,"column":2}},"6":{"start":{"line":7,"column":24},"end":{"line":95,"column":2}},"7":{"start":{"line":8,"column":4},"end":{"line":94,"column":5}},"8":{"start":{"line":9,"column":8},"end":{"line":9,"column":51}},"9":{"start":{"line":10,"column":8},"end":{"line":10,"column":44}},"10":{"start":{"line":13,"column":22},"end":{"line":13,"column":62}},"11":{"start":{"line":14,"column":25},"end":{"line":14,"column":27}},"12":{"start":{"line":16,"column":8},"end":{"line":25,"column":9}},"13":{"start":{"line":17,"column":23},"end":{"line":17,"column":51}},"14":{"start":{"line":18,"column":12},"end":{"line":23,"column":13}},"15":{"start":{"line":19,"column":16},"end":{"line":19,"column":88}},"16":{"start":{"line":20,"column":16},"end":{"line":20,"column":53}},"17":{"start":{"line":22,"column":16},"end":{"line":22,"column":52}},"18":{"start":{"line":24,"column":12},"end":{"line":24,"column":32}},"19":{"start":{"line":28,"column":26},"end":{"line":47,"column":10}},"20":{"start":{"line":49,"column":8},"end":{"line":49,"column":66}},"21":{"start":{"line":50,"column":8},"end":{"line":50,"column":43}},"22":{"start":{"line":51,"column":8},"end":{"line":51,"column":66}},"23":{"start":{"line":53,"column":8},"end":{"line":84,"column":9}},"24":{"start":{"line":54,"column":23},"end":{"line":54,"column":68}},"25":{"start":{"line":55,"column":29},"end":{"line":55,"column":73}},"26":{"start":{"line":55,"column":48},"end":{"line":55,"column":72}},"27":{"start":{"line":57,"column":12},"end":{"line":79,"column":13}},"28":{"start":{"line":58,"column":39},"end":{"line":58,"column":76}},"29":{"start":{"line":59,"column":16},"end":{"line":64,"column":19}},"30":{"start":{"line":65,"column":16},"end":{"line":65,"column":59}},"31":{"start":{"line":68,"column":39},"end":{"line":68,"column":76}},"32":{"start":{"line":69,"column":16},"end":{"line":69,"column":47}},"33":{"start":{"line":72,"column":32},"end":{"line":72,"column":121}},"34":{"start":{"line":72,"column":71},"end":{"line":72,"column":121}},"35":{"start":{"line":73,"column":16},"end":{"line":75,"column":17}},"36":{"start":{"line":74,"column":20},"end":{"line":74,"column":96}},"37":{"start":{"line":77,"column":16},"end":{"line":77,"column":34}},"38":{"start":{"line":78,"column":16},"end":{"line":78,"column":59}},"39":{"start":{"line":81,"column":12},"end":{"line":81,"column":54}},"40":{"start":{"line":82,"column":12},"end":{"line":82,"column":60}},"41":{"start":{"line":83,"column":12},"end":{"line":83,"column":28}},"42":{"start":{"line":86,"column":8},"end":{"line":86,"column":64}},"43":{"start":{"line":87,"column":8},"end":{"line":87,"column":54}},"44":{"start":{"line":88,"column":8},"end":{"line":88,"column":66}},"45":{"start":{"line":90,"column":8},"end":{"line":90,"column":24}},"46":{"start":{"line":92,"column":8},"end":{"line":92,"column":48}},"47":{"start":{"line":93,"column":8},"end":{"line":93,"column":24}},"48":{"start":{"line":97,"column":0},"end":{"line":97,"column":7}}},"fnMap":{"0":{"name":"(anonymous_8)","decl":{"start":{"line":7,"column":13},"end":{"line":7,"column":22}},"loc":{"start":{"line":7,"column":24},"end":{"line":95,"column":2}}},"1":{"name":"(anonymous_9)","decl":{"start":{"line":7,"column":24},"end":{"line":7,"column":null}},"loc":{"start":{"line":7,"column":24},"end":{"line":95,"column":1}}},"2":{"name":"(anonymous_10)","decl":{"start":{"line":55,"column":43},"end":{"line":55,"column":44}},"loc":{"start":{"line":55,"column":48},"end":{"line":55,"column":72}}},"3":{"name":"(anonymous_11)","decl":{"start":{"line":72,"column":58},"end":{"line":72,"column":59}},"loc":{"start":{"line":72,"column":71},"end":{"line":72,"column":121}}}},"branchMap":{"0":{"loc":{"start":{"line":18,"column":12},"end":{"line":23,"column":13}},"type":"if","locations":[{"start":{"line":18,"column":12},"end":{"line":23,"column":13}},{"start":{"line":21,"column":19},"end":{"line":23,"column":13}}]},"1":{"loc":{"start":{"line":57,"column":12},"end":{"line":79,"column":13}},"type":"if","locations":[{"start":{"line":57,"column":12},"end":{"line":79,"column":13}},{"start":{"line":66,"column":19},"end":{"line":79,"column":13}}]},"2":{"loc":{"start":{"line":63,"column":48},"end":{"line":63,"column":61}},"type":"cond-expr","locations":[{"start":{"line":63,"column":56},"end":{"line":63,"column":58}},{"start":{"line":63,"column":48},"end":{"line":63,"column":61}}]},"3":{"loc":{"start":{"line":63,"column":48},"end":{"line":63,"column":58}},"type":"binary-expr","locations":[{"start":{"line":63,"column":48},"end":{"line":63,"column":58}},{"start":{"line":63,"column":48},"end":{"line":63,"column":58}}]},"4":{"loc":{"start":{"line":72,"column":96},"end":{"line":72,"column":120}},"type":"cond-expr","locations":[{"start":{"line":72,"column":104},"end":{"line":72,"column":106}},{"start":{"line":72,"column":96},"end":{"line":72,"column":120}}]},"5":{"loc":{"start":{"line":72,"column":96},"end":{"line":72,"column":106}},"type":"binary-expr","locations":[{"start":{"line":72,"column":96},"end":{"line":72,"column":106}},{"start":{"line":72,"column":96},"end":{"line":72,"column":106}}]},"6":{"loc":{"start":{"line":73,"column":16},"end":{"line":75,"column":17}},"type":"if","locations":[{"start":{"line":73,"column":16},"end":{"line":75,"column":17}}]},"7":{"loc":{"start":{"line":73,"column":20},"end":{"line":73,"column":40}},"type":"binary-expr","locations":[{"start":{"line":73,"column":20},"end":{"line":73,"column":28}},{"start":{"line":73,"column":32},"end":{"line":73,"column":40}}]}},"s":{"0":0,"1":0,"2":0,"3":0,"4":0,"5":0,"6":0,"7":0,"8":0,"9":0,"10":0,"11":0,"12":0,"13":0,"14":0,"15":0,"16":0,"17":0,"18":0,"19":0,"20":0,"21":0,"22":0,"23":0,"24":0,"25":0,"26":0,"27":0,"28":0,"29":0,"30":0,"31":0,"32":0,"33":0,"34":0,"35":0,"36":0,"37":0,"38":0,"39":0,"40":0,"41":0,"42":0,"43":0,"44":0,"45":0,"46":0,"47":0,"48":0},"f":{"0":0,"1":0,"2":0,"3":0},"b":{"0":[0,0],"1":[0,0],"2":[0,0],"3":[0,0],"4":[0,0],"5":[0,0],"6":[0],"7":[0,0]}}
,"C:\\Users\\saksh\\OneDrive\\Desktop\\College Management\\backend\\src\\scripts\\seedTeachers.ts": {"path":"C:\\Users\\saksh\\OneDrive\\Desktop\\College Management\\backend\\src\\scripts\\seedTeachers.ts","statementMap":{"0":{"start":{"line":1,"column":0},"end":{"line":1,"column":32}},"1":{"start":{"line":2,"column":0},"end":{"line":2,"column":41}},"2":{"start":{"line":3,"column":0},"end":{"line":3,"column":38}},"3":{"start":{"line":4,"column":0},"end":{"line":4,"column":44}},"4":{"start":{"line":5,"column":0},"end":{"line":5,"column":49}},"5":{"start":{"line":7,"column":17},"end":{"line":68,"column":2}},"6":{"start":{"line":70,"column":21},"end":{"line":132,"column":2}},"7":{"start":{"line":70,"column":32},"end":{"line":132,"column":2}},"8":{"start":{"line":71,"column":4},"end":{"line":131,"column":5}},"9":{"start":{"line":72,"column":8},"end":{"line":72,"column":51}},"10":{"start":{"line":73,"column":8},"end":{"line":73,"column":44}},"11":{"start":{"line":75,"column":32},"end":{"line":75,"column":65}},"12":{"start":{"line":77,"column":8},"end":{"line":124,"column":9}},"13":{"start":{"line":79,"column":23},"end":{"line":79,"column":61}},"14":{"start":{"line":81,"column":12},"end":{"line":91,"column":13}},"15":{"start":{"line":82,"column":16},"end":{"line":89,"column":19}},"16":{"start":{"line":90,"column":16},"end":{"line":90,"column":74}},"17":{"start":{"line":94,"column":26},"end":{"line":94,"column":69}},"18":{"start":{"line":96,"column":12},"end":{"line":123,"column":13}},"19":{"start":{"line":97,"column":16},"end":{"line":114,"column":19}},"20":{"start":{"line":117,"column":16},"end":{"line":117,"column":59}},"21":{"start":{"line":118,"column":16},"end":{"line":118,"column":34}},"22":{"start":{"line":120,"column":16},"end":{"line":120,"column":75}},"23":{"start":{"line":122,"column":16},"end":{"line":122,"column":82}},"24":{"start":{"line":126,"column":8},"end":{"line":126,"column":54}},"25":{"start":{"line":127,"column":8},"end":{"line":127,"column":24}},"26":{"start":{"line":129,"column":8},"end":{"line":129,"column":48}},"27":{"start":{"line":130,"column":8},"end":{"line":130,"column":24}},"28":{"start":{"line":134,"column":0},"end":{"line":134,"column":15}}},"fnMap":{"0":{"name":"(anonymous_8)","decl":{"start":{"line":70,"column":21},"end":{"line":70,"column":30}},"loc":{"start":{"line":70,"column":32},"end":{"line":132,"column":2}}},"1":{"name":"(anonymous_9)","decl":{"start":{"line":70,"column":32},"end":{"line":70,"column":null}},"loc":{"start":{"line":70,"column":32},"end":{"line":132,"column":1}}}},"branchMap":{"0":{"loc":{"start":{"line":81,"column":12},"end":{"line":91,"column":13}},"type":"if","locations":[{"start":{"line":81,"column":12},"end":{"line":91,"column":13}}]},"1":{"loc":{"start":{"line":96,"column":12},"end":{"line":123,"column":13}},"type":"if","locations":[{"start":{"line":96,"column":12},"end":{"line":123,"column":13}},{"start":{"line":121,"column":19},"end":{"line":123,"column":13}}]}},"s":{"0":0,"1":0,"2":0,"3":0,"4":0,"5":0,"6":0,"7":0,"8":0,"9":0,"10":0,"11":0,"12":0,"13":0,"14":0,"15":0,"16":0,"17":0,"18":0,"19":0,"20":0,"21":0,"22":0,"23":0,"24":0,"25":0,"26":0,"27":0,"28":0},"f":{"0":0,"1":0},"b":{"0":[0],"1":[0,0]}}
,"C:\\Users\\saksh\\OneDrive\\Desktop\\College Management\\backend\\src\\scripts\\test-login-api.ts": {"path":"C:\\Users\\saksh\\OneDrive\\Desktop\\College Management\\backend\\src\\scripts\\test-login-api.ts","statementMap":{"0":{"start":{"line":3,"column":18},"end":{"line":26,"column":2}},"1":{"start":{"line":3,"column":29},"end":{"line":26,"column":2}},"2":{"start":{"line":4,"column":16},"end":{"line":4,"column":57}},"3":{"start":{"line":5,"column":24},"end":{"line":8,"column":6}},"4":{"start":{"line":10,"column":4},"end":{"line":10,"column":47}},"5":{"start":{"line":11,"column":4},"end":{"line":11,"column":45}},"6":{"start":{"line":13,"column":4},"end":{"line":25,"column":5}},"7":{"start":{"line":14,"column":25},"end":{"line":18,"column":10}},"8":{"start":{"line":20,"column":21},"end":{"line":20,"column":42}},"9":{"start":{"line":21,"column":8},"end":{"line":21,"column":59}},"10":{"start":{"line":22,"column":8},"end":{"line":22,"column":69}},"11":{"start":{"line":24,"column":8},"end":{"line":24,"column":54}},"12":{"start":{"line":28,"column":0},"end":{"line":28,"column":12}}},"fnMap":{"0":{"name":"(anonymous_7)","decl":{"start":{"line":3,"column":18},"end":{"line":3,"column":27}},"loc":{"start":{"line":3,"column":29},"end":{"line":26,"column":2}}},"1":{"name":"(anonymous_8)","decl":{"start":{"line":3,"column":29},"end":{"line":3,"column":null}},"loc":{"start":{"line":3,"column":29},"end":{"line":26,"column":1}}}},"branchMap":{},"s":{"0":0,"1":0,"2":0,"3":0,"4":0,"5":0,"6":0,"7":0,"8":0,"9":0,"10":0,"11":0,"12":0},"f":{"0":0,"1":0},"b":{}}
,"C:\\Users\\saksh\\OneDrive\\Desktop\\College Management\\backend\\src\\utils\\password.ts": {"path":"C:\\Users\\saksh\\OneDrive\\Desktop\\College Management\\backend\\src\\utils\\password.ts","statementMap":{"0":{"start":{"line":1,"column":0},"end":{"line":1,"column":37}},"1":{"start":{"line":3,"column":20},"end":{"line":3,"column":22}},"2":{"start":{"line":5,"column":28},"end":{"line":7,"column":2}},"3":{"start":{"line":5,"column":72},"end":{"line":7,"column":2}},"4":{"start":{"line":6,"column":2},"end":{"line":6,"column":46}},"5":{"start":{"line":5,"column":13},"end":{"line":5,"column":28}},"6":{"start":{"line":9,"column":31},"end":{"line":11,"column":2}},"7":{"start":{"line":9,"column":90},"end":{"line":11,"column":2}},"8":{"start":{"line":10,"column":2},"end":{"line":10,"column":42}},"9":{"start":{"line":9,"column":13},"end":{"line":9,"column":31}}},"fnMap":{"0":{"name":"(anonymous_16)","decl":{"start":{"line":5,"column":28},"end":{"line":5,"column":35}},"loc":{"start":{"line":5,"column":72},"end":{"line":7,"column":2}}},"1":{"name":"(anonymous_17)","decl":{"start":{"line":5,"column":72},"end":{"line":5,"column":null}},"loc":{"start":{"line":5,"column":72},"end":{"line":7,"column":1}}},"2":{"name":"(anonymous_18)","decl":{"start":{"line":9,"column":31},"end":{"line":9,"column":38}},"loc":{"start":{"line":9,"column":90},"end":{"line":11,"column":2}}},"3":{"name":"(anonymous_19)","decl":{"start":{"line":9,"column":90},"end":{"line":9,"column":null}},"loc":{"start":{"line":9,"column":90},"end":{"line":11,"column":1}}}},"branchMap":{},"s":{"0":0,"1":0,"2":0,"3":0,"4":0,"5":0,"6":0,"7":0,"8":0,"9":0},"f":{"0":0,"1":0,"2":0,"3":0},"b":{}}
}
