TN:
SF:src\controllers\attendance.ts
FN:5,(anonymous_7)
FN:5,(anonymous_8)
FN:42,(anonymous_9)
FN:42,(anonymous_10)
FN:72,(anonymous_11)
FN:72,(anonymous_12)
FN:83,(anonymous_13)
FN:84,(anonymous_14)
FNF:8
FNH:0
FNDA:0,(anonymous_7)
FNDA:0,(anonymous_8)
FNDA:0,(anonymous_9)
FNDA:0,(anonymous_10)
FNDA:0,(anonymous_11)
FNDA:0,(anonymous_12)
FNDA:0,(anonymous_13)
FNDA:0,(anonymous_14)
DA:2,0
DA:5,0
DA:6,0
DA:7,0
DA:8,0
DA:12,0
DA:13,0
DA:15,0
DA:17,0
DA:19,0
DA:20,0
DA:21,0
DA:22,0
DA:25,0
DA:35,0
DA:37,0
DA:38,0
DA:42,0
DA:43,0
DA:44,0
DA:45,0
DA:47,0
DA:48,0
DA:50,0
DA:51,0
DA:57,0
DA:58,0
DA:61,0
DA:66,0
DA:68,0
DA:72,0
DA:73,0
DA:74,0
DA:75,0
DA:80,0
DA:81,0
DA:83,0
DA:84,0
DA:85,0
DA:86,0
DA:87,0
DA:91,0
DA:103,0
LF:43
LH:0
BRDA:8,0,0,0
BRDA:8,0,1,0
BRDA:8,1,0,0
BRDA:8,1,1,0
BRDA:13,2,0,0
BRDA:17,3,0,0
BRDA:17,3,1,0
BRDA:47,4,0,0
BRDA:48,5,0,0
BRDA:50,6,0,0
BRDA:50,7,0,0
BRDA:50,7,1,0
BRDA:57,8,0,0
BRDA:85,9,0,0
BRDA:87,10,0,0
BRDA:98,11,0,0
BRDA:98,11,1,0
BRF:17
BRH:0
end_of_record
TN:
SF:src\controllers\auth.ts
FN:8,(anonymous_7)
FN:8,(anonymous_8)
FN:67,(anonymous_9)
FN:67,(anonymous_10)
FN:99,(anonymous_11)
FN:132,(anonymous_12)
FN:132,(anonymous_13)
FN:150,(anonymous_14)
FNF:8
FNH:0
FNDA:0,(anonymous_7)
FNDA:0,(anonymous_8)
FNDA:0,(anonymous_9)
FNDA:0,(anonymous_10)
FNDA:0,(anonymous_11)
FNDA:0,(anonymous_12)
FNDA:0,(anonymous_13)
FNDA:0,(anonymous_14)
DA:2,0
DA:3,0
DA:4,0
DA:5,0
DA:6,0
DA:8,0
DA:9,0
DA:10,0
DA:13,0
DA:14,0
DA:15,0
DA:19,0
DA:22,0
DA:23,0
DA:24,0
DA:28,0
DA:41,0
DA:47,0
DA:59,0
DA:60,0
DA:62,0
DA:67,0
DA:68,0
DA:69,0
DA:72,0
DA:77,0
DA:79,0
DA:80,0
DA:81,0
DA:87,0
DA:88,0
DA:90,0
DA:91,0
DA:92,0
DA:99,0
DA:101,0
DA:108,0
DA:109,0
DA:111,0
DA:124,0
DA:125,0
DA:127,0
DA:132,0
DA:133,0
DA:134,0
DA:136,0
DA:137,0
DA:140,0
DA:141,0
DA:142,0
DA:145,0
DA:146,0
DA:147,0
DA:150,0
DA:152,0
DA:158,0
DA:163,0
DA:164,0
DA:166,0
LF:59
LH:0
BRDA:10,0,0,0
BRDA:14,1,0,0
BRDA:23,2,0,0
BRDA:59,3,0,0
BRDA:59,3,1,0
BRDA:79,4,0,0
BRDA:90,5,0,0
BRDA:124,6,0,0
BRDA:124,6,1,0
BRDA:136,7,0,0
BRDA:141,8,0,0
BRDA:146,9,0,0
BRDA:163,10,0,0
BRDA:163,10,1,0
BRF:14
BRH:0
end_of_record
TN:
SF:src\controllers\book.ts
FN:5,(anonymous_7)
FN:5,(anonymous_8)
FN:23,(anonymous_9)
FN:39,(anonymous_10)
FN:39,(anonymous_11)
FN:58,(anonymous_12)
FN:58,(anonymous_13)
FN:85,(anonymous_14)
FN:85,(anonymous_15)
FN:112,(anonymous_16)
FN:112,(anonymous_17)
FNF:11
FNH:0
FNDA:0,(anonymous_7)
FNDA:0,(anonymous_8)
FNDA:0,(anonymous_9)
FNDA:0,(anonymous_10)
FNDA:0,(anonymous_11)
FNDA:0,(anonymous_12)
FNDA:0,(anonymous_13)
FNDA:0,(anonymous_14)
FNDA:0,(anonymous_15)
FNDA:0,(anonymous_16)
FNDA:0,(anonymous_17)
DA:2,0
DA:3,0
DA:5,0
DA:6,0
DA:7,0
DA:8,0
DA:9,0
DA:11,0
DA:16,0
DA:18,0
DA:23,0
DA:35,0
DA:39,0
DA:40,0
DA:41,0
DA:42,0
DA:44,0
DA:45,0
DA:48,0
DA:50,0
DA:51,0
DA:53,0
DA:58,0
DA:59,0
DA:60,0
DA:62,0
DA:72,0
DA:77,0
DA:78,0
DA:80,0
DA:85,0
DA:86,0
DA:87,0
DA:88,0
DA:90,0
DA:95,0
DA:96,0
DA:99,0
DA:104,0
DA:105,0
DA:107,0
DA:112,0
DA:113,0
DA:114,0
DA:116,0
DA:117,0
DA:118,0
DA:121,0
DA:123,0
DA:124,0
DA:126,0
LF:51
LH:0
BRDA:7,0,0,0
BRDA:7,0,1,0
BRDA:8,1,0,0
BRDA:8,1,1,0
BRDA:44,2,0,0
BRDA:50,3,0,0
BRDA:50,3,1,0
BRDA:77,4,0,0
BRDA:77,4,1,0
BRDA:95,5,0,0
BRDA:104,6,0,0
BRDA:104,6,1,0
BRDA:117,7,0,0
BRDA:123,8,0,0
BRDA:123,8,1,0
BRF:15
BRH:0
end_of_record
TN:
SF:src\controllers\finance.ts
FN:10,(anonymous_16)
FN:10,(anonymous_17)
FN:19,(anonymous_18)
FN:20,(anonymous_19)
FN:33,(anonymous_20)
FN:33,(anonymous_21)
FN:90,(anonymous_22)
FN:90,(anonymous_23)
FN:120,(anonymous_24)
FN:120,(anonymous_25)
FN:142,(anonymous_26)
FN:157,(anonymous_27)
FN:157,(anonymous_28)
FN:178,(anonymous_29)
FN:178,(anonymous_30)
FN:187,(anonymous_31)
FN:187,(anonymous_32)
FN:188,(anonymous_33)
FN:188,(anonymous_34)
FN:198,(anonymous_35)
FNF:20
FNH:0
FNDA:0,(anonymous_16)
FNDA:0,(anonymous_17)
FNDA:0,(anonymous_18)
FNDA:0,(anonymous_19)
FNDA:0,(anonymous_20)
FNDA:0,(anonymous_21)
FNDA:0,(anonymous_22)
FNDA:0,(anonymous_23)
FNDA:0,(anonymous_24)
FNDA:0,(anonymous_25)
FNDA:0,(anonymous_26)
FNDA:0,(anonymous_27)
FNDA:0,(anonymous_28)
FNDA:0,(anonymous_29)
FNDA:0,(anonymous_30)
FNDA:0,(anonymous_31)
FNDA:0,(anonymous_32)
FNDA:0,(anonymous_33)
FNDA:0,(anonymous_34)
FNDA:0,(anonymous_35)
DA:2,0
DA:3,0
DA:4,0
DA:5,0
DA:6,0
DA:7,0
DA:8,0
DA:10,0
DA:11,0
DA:12,0
DA:14,0
DA:18,0
DA:19,0
DA:20,0
DA:22,0
DA:29,0
DA:33,0
DA:34,0
DA:35,0
DA:38,0
DA:39,0
DA:40,0
DA:44,0
DA:55,0
DA:56,0
DA:57,0
DA:59,0
DA:61,0
DA:64,0
DA:73,0
DA:82,0
DA:83,0
DA:85,0
DA:90,0
DA:91,0
DA:92,0
DA:94,0
DA:99,0
DA:100,0
DA:103,0
DA:105,0
DA:106,0
DA:108,0
DA:120,0
DA:122,0
DA:123,0
DA:124,0
DA:125,0
DA:126,0
DA:128,0
DA:135,0
DA:137,0
DA:142,0
DA:152,0
DA:157,0
DA:159,0
DA:160,0
DA:161,0
DA:163,0
DA:172,0
DA:174,0
DA:178,0
DA:179,0
DA:180,0
DA:181,0
DA:183,0
DA:187,0
DA:188,0
DA:189,0
DA:190,0
DA:191,0
DA:193,0
DA:194,0
DA:196,0
DA:198,0
DA:206,0
DA:207,0
DA:210,0
DA:211,0
DA:214,0
DA:215,0
DA:216,0
DA:218,0
LF:83
LH:0
BRDA:39,0,0,0
BRDA:56,1,0,0
BRDA:56,1,1,0
BRDA:82,2,0,0
BRDA:82,2,1,0
BRDA:99,3,0,0
BRDA:105,4,0,0
BRDA:105,4,1,0
BRDA:124,5,0,0
BRDA:124,5,1,0
BRDA:125,6,0,0
BRDA:125,6,1,0
BRDA:194,7,0,0
BRDA:206,8,0,0
BRF:14
BRH:0
end_of_record
TN:
SF:src\controllers\report.ts
FN:7,(anonymous_7)
FN:7,(anonymous_8)
FN:44,(anonymous_9)
FN:44,(anonymous_10)
FN:62,(anonymous_11)
FN:62,(anonymous_12)
FNF:6
FNH:0
FNDA:0,(anonymous_7)
FNDA:0,(anonymous_8)
FNDA:0,(anonymous_9)
FNDA:0,(anonymous_10)
FNDA:0,(anonymous_11)
FNDA:0,(anonymous_12)
DA:2,0
DA:3,0
DA:4,0
DA:7,0
DA:8,0
DA:9,0
DA:10,0
DA:13,0
DA:20,0
DA:21,0
DA:23,0
DA:28,0
DA:30,0
DA:40,0
DA:44,0
DA:45,0
DA:48,0
DA:56,0
DA:58,0
DA:62,0
DA:63,0
DA:64,0
DA:69,0
DA:71,0
LF:24
LH:0
BRF:0
BRH:0
end_of_record
TN:
SF:src\controllers\student.ts
FN:9,(anonymous_17)
FN:9,(anonymous_18)
FN:36,(anonymous_19)
FN:53,(anonymous_20)
FN:53,(anonymous_21)
FN:89,(anonymous_22)
FN:89,(anonymous_23)
FN:122,(anonymous_24)
FN:122,(anonymous_25)
FN:150,(anonymous_26)
FN:150,(anonymous_27)
FN:177,(anonymous_28)
FN:177,(anonymous_29)
FN:204,(anonymous_30)
FN:204,(anonymous_31)
FN:227,(anonymous_32)
FN:227,(anonymous_33)
FN:268,(anonymous_34)
FN:268,(anonymous_35)
FN:284,(anonymous_36)
FN:284,(anonymous_37)
FN:285,(anonymous_38)
FN:285,(anonymous_39)
FN:286,(anonymous_40)
FN:286,(anonymous_41)
FNF:25
FNH:0
FNDA:0,(anonymous_17)
FNDA:0,(anonymous_18)
FNDA:0,(anonymous_19)
FNDA:0,(anonymous_20)
FNDA:0,(anonymous_21)
FNDA:0,(anonymous_22)
FNDA:0,(anonymous_23)
FNDA:0,(anonymous_24)
FNDA:0,(anonymous_25)
FNDA:0,(anonymous_26)
FNDA:0,(anonymous_27)
FNDA:0,(anonymous_28)
FNDA:0,(anonymous_29)
FNDA:0,(anonymous_30)
FNDA:0,(anonymous_31)
FNDA:0,(anonymous_32)
FNDA:0,(anonymous_33)
FNDA:0,(anonymous_34)
FNDA:0,(anonymous_35)
FNDA:0,(anonymous_36)
FNDA:0,(anonymous_37)
FNDA:0,(anonymous_38)
FNDA:0,(anonymous_39)
FNDA:0,(anonymous_40)
FNDA:0,(anonymous_41)
DA:2,0
DA:3,0
DA:4,0
DA:5,0
DA:6,0
DA:7,0
DA:9,0
DA:10,0
DA:11,0
DA:12,0
DA:13,0
DA:14,0
DA:16,0
DA:17,0
DA:19,0
DA:20,0
DA:22,0
DA:29,0
DA:31,0
DA:36,0
DA:49,0
DA:53,0
DA:54,0
DA:55,0
DA:56,0
DA:61,0
DA:62,0
DA:65,0
DA:81,0
DA:82,0
DA:84,0
DA:89,0
DA:90,0
DA:91,0
DA:93,0
DA:94,0
DA:97,0
DA:98,0
DA:99,0
DA:103,0
DA:104,0
DA:105,0
DA:109,0
DA:110,0
DA:122,0
DA:133,0
DA:150,0
DA:155,0
DA:157,0
DA:165,0
DA:166,0
DA:167,0
DA:169,0
DA:170,0
DA:173,0
DA:177,0
DA:178,0
DA:179,0
DA:180,0
DA:182,0
DA:187,0
DA:188,0
DA:191,0
DA:196,0
DA:197,0
DA:199,0
DA:204,0
DA:205,0
DA:206,0
DA:208,0
DA:209,0
DA:210,0
DA:214,0
DA:215,0
DA:217,0
DA:219,0
DA:220,0
DA:222,0
DA:227,0
DA:228,0
DA:229,0
DA:230,0
DA:232,0
DA:233,0
DA:234,0
DA:238,0
DA:239,0
DA:240,0
DA:244,0
DA:245,0
DA:246,0
DA:250,0
DA:260,0
DA:261,0
DA:263,0
DA:268,0
DA:269,0
DA:270,0
DA:272,0
DA:278,0
DA:279,0
DA:283,0
DA:284,0
DA:285,0
DA:286,0
DA:289,0
DA:304,0
DA:305,0
LF:108
LH:0
BRDA:11,0,0,0
BRDA:11,0,1,0
BRDA:12,1,0,0
BRDA:12,1,1,0
BRDA:19,2,0,0
BRDA:20,3,0,0
BRDA:42,4,0,0
BRDA:42,4,1,0
BRDA:42,5,0,0
BRDA:42,5,1,0
BRDA:61,6,0,0
BRDA:81,7,0,0
BRDA:81,7,1,0
BRDA:98,8,0,0
BRDA:104,9,0,0
BRDA:166,10,0,0
BRDA:166,10,1,0
BRDA:187,11,0,0
BRDA:196,12,0,0
BRDA:196,12,1,0
BRDA:209,13,0,0
BRDA:219,14,0,0
BRDA:219,14,1,0
BRDA:233,15,0,0
BRDA:239,16,0,0
BRDA:245,17,0,0
BRDA:245,17,1,0
BRDA:260,18,0,0
BRDA:260,18,1,0
BRDA:278,19,0,0
BRF:30
BRH:0
end_of_record
TN:
SF:src\middleware\auth.ts
FN:9,(anonymous_7)
FN:9,(anonymous_8)
FN:33,(anonymous_9)
FN:34,(anonymous_10)
FN:39,(anonymous_11)
FNF:5
FNH:0
FNDA:0,(anonymous_7)
FNDA:0,(anonymous_8)
FNDA:0,(anonymous_9)
FNDA:0,(anonymous_10)
FNDA:0,(anonymous_11)
DA:2,0
DA:3,0
DA:9,0
DA:10,0
DA:11,0
DA:13,0
DA:14,0
DA:17,0
DA:18,0
DA:19,0
DA:22,0
DA:23,0
DA:25,0
DA:26,0
DA:28,0
DA:33,0
DA:34,0
DA:35,0
DA:36,0
DA:39,0
DA:40,0
DA:41,0
DA:44,0
LF:23
LH:0
BRDA:11,0,0,0
BRDA:11,0,1,0
BRDA:11,1,0,0
BRDA:11,1,1,0
BRDA:13,2,0,0
BRDA:18,3,0,0
BRDA:25,4,0,0
BRDA:25,4,1,0
BRDA:35,5,0,0
BRDA:40,6,0,0
BRF:10
BRH:0
end_of_record
TN:
SF:src\models\AttendanceRecord.ts
FNF:0
FNH:0
DA:1,0
DA:3,0
DA:46,0
DA:47,0
DA:49,0
LF:5
LH:0
BRF:0
BRH:0
end_of_record
TN:
SF:src\models\Book.ts
FNF:0
FNH:0
DA:1,0
DA:3,0
DA:43,0
DA:44,0
DA:46,0
LF:5
LH:0
BRF:0
BRH:0
end_of_record
TN:
SF:src\models\BookCopy.ts
FNF:0
FNH:0
DA:1,0
DA:3,0
DA:28,0
DA:29,0
DA:30,0
DA:32,0
LF:6
LH:0
BRF:0
BRH:0
end_of_record
TN:
SF:src\models\Class.ts
FNF:0
FNH:0
DA:1,0
DA:3,0
DA:36,0
DA:38,0
LF:4
LH:0
BRF:0
BRH:0
end_of_record
TN:
SF:src\models\ExamResult.ts
FNF:0
FNH:0
DA:1,0
DA:3,0
DA:43,0
DA:44,0
DA:46,0
LF:5
LH:0
BRF:0
BRH:0
end_of_record
TN:
SF:src\models\Loan.ts
FNF:0
FNH:0
DA:1,0
DA:3,0
DA:44,0
DA:45,0
DA:46,0
DA:48,0
LF:6
LH:0
BRF:0
BRH:0
end_of_record
TN:
SF:src\models\Notification.ts
FNF:0
FNH:0
DA:1,0
DA:3,0
DA:42,0
DA:43,0
DA:45,0
LF:5
LH:0
BRF:0
BRH:0
end_of_record
TN:
SF:src\models\Parent.ts
FNF:0
FNH:0
DA:1,0
DA:3,0
DA:44,0
LF:3
LH:0
BRF:0
BRH:0
end_of_record
TN:
SF:src\models\Receipt.ts
FNF:0
FNH:0
DA:1,0
DA:3,0
DA:46,0
DA:47,0
DA:49,0
LF:5
LH:0
BRF:0
BRH:0
end_of_record
TN:
SF:src\models\Role.ts
FNF:0
FNH:0
DA:1,0
DA:3,0
DA:24,0
LF:3
LH:0
BRF:0
BRH:0
end_of_record
TN:
SF:src\models\Salary.ts
FNF:0
FNH:0
DA:1,0
DA:3,0
DA:53,0
DA:54,0
DA:56,0
LF:5
LH:0
BRF:0
BRH:0
end_of_record
TN:
SF:src\models\SalaryComponent.ts
FNF:0
FNH:0
DA:1,0
DA:3,0
DA:21,0
LF:3
LH:0
BRF:0
BRH:0
end_of_record
TN:
SF:src\models\Student.ts
FNF:0
FNH:0
DA:1,0
DA:3,0
DA:66,0
DA:67,0
DA:68,0
DA:70,0
LF:6
LH:0
BRF:0
BRH:0
end_of_record
TN:
SF:src\models\StudentFee.ts
FNF:0
FNH:0
DA:1,0
DA:3,0
DA:49,0
DA:50,0
DA:52,0
LF:5
LH:0
BRF:0
BRH:0
end_of_record
TN:
SF:src\models\Subject.ts
FNF:0
FNH:0
DA:1,0
DA:3,0
DA:31,0
DA:33,0
LF:4
LH:0
BRF:0
BRH:0
end_of_record
TN:
SF:src\models\Teacher.ts
FNF:0
FNH:0
DA:1,0
DA:3,0
DA:55,0
LF:3
LH:0
BRF:0
BRH:0
end_of_record
TN:
SF:src\models\Timetable.ts
FNF:0
FNH:0
DA:1,0
DA:3,0
DA:42,0
DA:44,0
LF:4
LH:0
BRF:0
BRH:0
end_of_record
TN:
SF:src\models\User.ts
FNF:0
FNH:0
DA:1,0
DA:3,0
DA:67,0
DA:69,0
LF:4
LH:0
BRF:0
BRH:0
end_of_record
TN:
SF:src\routes\attendance.ts
FNF:0
FNH:0
DA:1,0
DA:2,0
DA:3,0
DA:9,0
DA:11,0
DA:12,0
DA:13,0
DA:15,0
LF:8
LH:0
BRF:0
BRH:0
end_of_record
TN:
SF:src\routes\auth.ts
FN:12,(anonymous_1)
FNF:1
FNH:0
FNDA:0,(anonymous_1)
DA:1,0
DA:2,0
DA:3,0
DA:5,0
DA:7,0
DA:8,0
DA:9,0
DA:12,0
DA:13,0
DA:18,0
LF:10
LH:0
BRF:0
BRH:0
end_of_record
TN:
SF:src\routes\book.ts
FNF:0
FNH:0
DA:1,0
DA:2,0
DA:3,0
DA:11,0
DA:13,0
DA:14,0
DA:15,0
DA:16,0
DA:17,0
DA:19,0
LF:10
LH:0
BRF:0
BRH:0
end_of_record
TN:
SF:src\routes\class.ts
FNF:0
FNH:0
DA:1,0
DA:2,0
DA:3,0
DA:5,0
DA:7,0
DA:8,0
DA:9,0
DA:10,0
DA:11,0
DA:13,0
LF:10
LH:0
BRF:0
BRH:0
end_of_record
TN:
SF:src\routes\dashboard.ts
FNF:0
FNH:0
DA:1,0
DA:2,0
DA:3,0
DA:5,0
DA:8,0
DA:15,0
LF:6
LH:0
BRF:0
BRH:0
end_of_record
TN:
SF:src\routes\finance.ts
FNF:0
FNH:0
DA:1,0
DA:2,0
DA:3,0
DA:13,0
DA:15,0
DA:16,0
DA:17,0
DA:18,0
DA:19,0
DA:20,0
DA:21,0
DA:23,0
LF:12
LH:0
BRF:0
BRH:0
end_of_record
TN:
SF:src\routes\report.ts
FNF:0
FNH:0
DA:1,0
DA:2,0
DA:3,0
DA:5,0
DA:7,0
DA:8,0
DA:9,0
DA:11,0
LF:8
LH:0
BRF:0
BRH:0
end_of_record
TN:
SF:src\routes\teacher.ts
FNF:0
FNH:0
DA:1,0
DA:2,0
DA:3,0
DA:5,0
DA:7,0
DA:8,0
DA:9,0
DA:10,0
DA:11,0
DA:13,0
LF:10
LH:0
BRF:0
BRH:0
end_of_record
TN:
SF:src\scripts\seed.ts
FN:7,(anonymous_8)
FN:7,(anonymous_9)
FN:55,(anonymous_10)
FN:72,(anonymous_11)
FNF:4
FNH:0
FNDA:0,(anonymous_8)
FNDA:0,(anonymous_9)
FNDA:0,(anonymous_10)
FNDA:0,(anonymous_11)
DA:1,0
DA:2,0
DA:3,0
DA:4,0
DA:5,0
DA:7,0
DA:8,0
DA:9,0
DA:10,0
DA:13,0
DA:14,0
DA:16,0
DA:17,0
DA:18,0
DA:19,0
DA:20,0
DA:22,0
DA:24,0
DA:28,0
DA:49,0
DA:50,0
DA:51,0
DA:53,0
DA:54,0
DA:55,0
DA:57,0
DA:58,0
DA:59,0
DA:65,0
DA:68,0
DA:69,0
DA:72,0
DA:73,0
DA:74,0
DA:77,0
DA:78,0
DA:81,0
DA:82,0
DA:83,0
DA:86,0
DA:87,0
DA:88,0
DA:90,0
DA:92,0
DA:93,0
DA:97,0
LF:46
LH:0
BRDA:18,0,0,0
BRDA:18,0,1,0
BRDA:57,1,0,0
BRDA:57,1,1,0
BRDA:63,2,0,0
BRDA:63,2,1,0
BRDA:63,3,0,0
BRDA:63,3,1,0
BRDA:72,4,0,0
BRDA:72,4,1,0
BRDA:72,5,0,0
BRDA:72,5,1,0
BRDA:73,6,0,0
BRDA:73,7,0,0
BRDA:73,7,1,0
BRF:15
BRH:0
end_of_record
TN:
SF:src\scripts\seedTeachers.ts
FN:70,(anonymous_8)
FN:70,(anonymous_9)
FNF:2
FNH:0
FNDA:0,(anonymous_8)
FNDA:0,(anonymous_9)
DA:1,0
DA:2,0
DA:3,0
DA:4,0
DA:5,0
DA:7,0
DA:70,0
DA:71,0
DA:72,0
DA:73,0
DA:75,0
DA:77,0
DA:79,0
DA:81,0
DA:82,0
DA:90,0
DA:94,0
DA:96,0
DA:97,0
DA:117,0
DA:118,0
DA:120,0
DA:122,0
DA:126,0
DA:127,0
DA:129,0
DA:130,0
DA:134,0
LF:28
LH:0
BRDA:81,0,0,0
BRDA:96,1,0,0
BRDA:96,1,1,0
BRF:3
BRH:0
end_of_record
TN:
SF:src\scripts\test-login-api.ts
FN:3,(anonymous_7)
FN:3,(anonymous_8)
FNF:2
FNH:0
FNDA:0,(anonymous_7)
FNDA:0,(anonymous_8)
DA:3,0
DA:4,0
DA:5,0
DA:10,0
DA:11,0
DA:13,0
DA:14,0
DA:20,0
DA:21,0
DA:22,0
DA:24,0
DA:28,0
LF:12
LH:0
BRF:0
BRH:0
end_of_record
TN:
SF:src\utils\password.ts
FN:5,(anonymous_16)
FN:5,(anonymous_17)
FN:9,(anonymous_18)
FN:9,(anonymous_19)
FNF:4
FNH:0
FNDA:0,(anonymous_16)
FNDA:0,(anonymous_17)
FNDA:0,(anonymous_18)
FNDA:0,(anonymous_19)
DA:1,0
DA:3,0
DA:5,0
DA:6,0
DA:9,0
DA:10,0
LF:6
LH:0
BRF:0
BRH:0
end_of_record
